-- The C compiler identification is GNU 11.4.0
-- The CXX compiler identification is GNU 11.4.0
-- Detecting C compiler ABI info
-- Detecting C compiler ABI info - done
-- Check for working C compiler: /usr/bin/cc - skipped
-- Detecting C compile features
-- Detecting C compile features - done
-- Detecting CXX compiler ABI info
-- Detecting CXX compiler ABI info - done
-- Check for working CXX compiler: /usr/bin/c++ - skipped
-- Detecting CXX compile features
-- Detecting CXX compile features - done
-- Found ament_cmake: 1.3.10 (/opt/ros/humble/share/ament_cmake/cmake)
-- Found Python3: /usr/bin/python3 (found version "3.10.12") found components: Interpreter
-- Override CMake install command with custom implementation using symlinks instead of copying resources
-- Found ament_lint_auto: 0.12.11 (/opt/ros/humble/share/ament_lint_auto/cmake)
-- Added test 'copyright' to check source files copyright and LICENSE
-- Added test 'flake8' to check Python code syntax and style conventions
-- Added test 'lint_cmake' to check CMake code style
-- Added test 'pep257' to check Python code against some of the docstring style conventions in PEP 257
-- Added test 'xmllint' to check XML markup files
-- Configuring done (1.6s)
-- Generating done (0.0s)
-- Build files have been written to: /home/atwork/caramelo_atwork/src/build/caramelo_one
-- Install configuration: ""
-- Execute custom install script
-- Symlinking: /home/atwork/caramelo_atwork/src/install/caramelo_one/share/caramelo_one/config/empty.yaml
-- Symlinking: /home/atwork/caramelo_atwork/src/install/caramelo_one/share/caramelo_one/config/view_robot.rviz
-- Symlinking: /home/atwork/caramelo_atwork/src/install/caramelo_one/share/caramelo_one/description/camera.xacro
-- Symlinking: /home/atwork/caramelo_atwork/src/install/caramelo_one/share/caramelo_one/description/gazebo_control.xacro
-- Symlinking: /home/atwork/caramelo_atwork/src/install/caramelo_one/share/caramelo_one/description/inertial_macros.xacro
-- Symlinking: /home/atwork/caramelo_atwork/src/install/caramelo_one/share/caramelo_one/description/laser.xacro
-- Symlinking: /home/atwork/caramelo_atwork/src/install/caramelo_one/share/caramelo_one/description/robot.urdf.xacro
-- Symlinking: /home/atwork/caramelo_atwork/src/install/caramelo_one/share/caramelo_one/description/robot_core.xacro
-- Symlinking: /home/atwork/caramelo_atwork/src/install/caramelo_one/share/caramelo_one/launch/camera.launch..py
-- Symlinking: /home/atwork/caramelo_atwork/src/install/caramelo_one/share/caramelo_one/launch/launch_sim.launch.py
-- Symlinking: /home/atwork/caramelo_atwork/src/install/caramelo_one/share/caramelo_one/launch/rplidar.launch.py
-- Symlinking: /home/atwork/caramelo_atwork/src/install/caramelo_one/share/caramelo_one/launch/rsp.launch.py
-- Symlinking: /home/atwork/caramelo_atwork/src/install/caramelo_one/share/caramelo_one/worlds/empty.world
-- Symlinking: /home/atwork/caramelo_atwork/src/install/caramelo_one/share/caramelo_one/worlds/obstacles
-- Symlinking: /home/atwork/caramelo_atwork/src/install/caramelo_one/share/caramelo_one/worlds/simple_room_with_fixed_boxes.world
-- Symlinking: /home/atwork/caramelo_atwork/src/install/caramelo_one/share/ament_index/resource_index/package_run_dependencies/caramelo_one
-- Symlinking: /home/atwork/caramelo_atwork/src/install/caramelo_one/share/ament_index/resource_index/parent_prefix_path/caramelo_one
-- Symlinking: /home/atwork/caramelo_atwork/src/install/caramelo_one/share/caramelo_one/environment/ament_prefix_path.sh
-- Symlinking: /home/atwork/caramelo_atwork/src/install/caramelo_one/share/caramelo_one/environment/ament_prefix_path.dsv
-- Symlinking: /home/atwork/caramelo_atwork/src/install/caramelo_one/share/caramelo_one/environment/path.sh
-- Symlinking: /home/atwork/caramelo_atwork/src/install/caramelo_one/share/caramelo_one/environment/path.dsv
-- Symlinking: /home/atwork/caramelo_atwork/src/install/caramelo_one/share/caramelo_one/local_setup.bash
-- Symlinking: /home/atwork/caramelo_atwork/src/install/caramelo_one/share/caramelo_one/local_setup.sh
-- Symlinking: /home/atwork/caramelo_atwork/src/install/caramelo_one/share/caramelo_one/local_setup.zsh
-- Symlinking: /home/atwork/caramelo_atwork/src/install/caramelo_one/share/caramelo_one/local_setup.dsv
-- Symlinking: /home/atwork/caramelo_atwork/src/install/caramelo_one/share/caramelo_one/package.dsv
-- Symlinking: /home/atwork/caramelo_atwork/src/install/caramelo_one/share/ament_index/resource_index/packages/caramelo_one
-- Symlinking: /home/atwork/caramelo_atwork/src/install/caramelo_one/share/caramelo_one/cmake/caramelo_oneConfig.cmake
-- Symlinking: /home/atwork/caramelo_atwork/src/install/caramelo_one/share/caramelo_one/cmake/caramelo_oneConfig-version.cmake
-- Symlinking: /home/atwork/caramelo_atwork/src/install/caramelo_one/share/caramelo_one/package.xml
