-- Install configuration: ""
-- Up-to-date: /home/atwork/caramelo_atwork/src/install/caramelo_one/share/caramelo_one/config
-- Up-to-date: /home/atwork/caramelo_atwork/src/install/caramelo_one/share/caramelo_one/config/view_robot.rviz
-- Up-to-date: /home/atwork/caramelo_atwork/src/install/caramelo_one/share/caramelo_one/config/empty.yaml
-- Up-to-date: /home/atwork/caramelo_atwork/src/install/caramelo_one/share/caramelo_one/description
-- Up-to-date: /home/atwork/caramelo_atwork/src/install/caramelo_one/share/caramelo_one/description/inertial_macros.xacro
-- Up-to-date: /home/atwork/caramelo_atwork/src/install/caramelo_one/share/caramelo_one/description/camera.xacro
-- Up-to-date: /home/atwork/caramelo_atwork/src/install/caramelo_one/share/caramelo_one/description/robot_core.xacro
-- Up-to-date: /home/atwork/caramelo_atwork/src/install/caramelo_one/share/caramelo_one/description/laser.xacro
-- Up-to-date: /home/atwork/caramelo_atwork/src/install/caramelo_one/share/caramelo_one/description/gazebo_control.xacro
-- Up-to-date: /home/atwork/caramelo_atwork/src/install/caramelo_one/share/caramelo_one/description/robot.urdf.xacro
-- Up-to-date: /home/atwork/caramelo_atwork/src/install/caramelo_one/share/caramelo_one/launch
-- Up-to-date: /home/atwork/caramelo_atwork/src/install/caramelo_one/share/caramelo_one/launch/launch_sim.launch.py
-- Up-to-date: /home/atwork/caramelo_atwork/src/install/caramelo_one/share/caramelo_one/launch/rplidar.launch.py
-- Up-to-date: /home/atwork/caramelo_atwork/src/install/caramelo_one/share/caramelo_one/launch/camera.launch..py
-- Up-to-date: /home/atwork/caramelo_atwork/src/install/caramelo_one/share/caramelo_one/launch/rsp.launch.py
-- Up-to-date: /home/atwork/caramelo_atwork/src/install/caramelo_one/share/caramelo_one/worlds
-- Up-to-date: /home/atwork/caramelo_atwork/src/install/caramelo_one/share/caramelo_one/worlds/empty.world
-- Up-to-date: /home/atwork/caramelo_atwork/src/install/caramelo_one/share/caramelo_one/worlds/obstacles
-- Up-to-date: /home/atwork/caramelo_atwork/src/install/caramelo_one/share/caramelo_one/worlds/simple_room_with_fixed_boxes.world
-- Up-to-date: /home/atwork/caramelo_atwork/src/install/caramelo_one/share/ament_index/resource_index/package_run_dependencies/caramelo_one
-- Up-to-date: /home/atwork/caramelo_atwork/src/install/caramelo_one/share/ament_index/resource_index/parent_prefix_path/caramelo_one
-- Up-to-date: /home/atwork/caramelo_atwork/src/install/caramelo_one/share/caramelo_one/environment/ament_prefix_path.sh
-- Up-to-date: /home/atwork/caramelo_atwork/src/install/caramelo_one/share/caramelo_one/environment/ament_prefix_path.dsv
-- Up-to-date: /home/atwork/caramelo_atwork/src/install/caramelo_one/share/caramelo_one/environment/path.sh
-- Up-to-date: /home/atwork/caramelo_atwork/src/install/caramelo_one/share/caramelo_one/environment/path.dsv
-- Up-to-date: /home/atwork/caramelo_atwork/src/install/caramelo_one/share/caramelo_one/local_setup.bash
-- Up-to-date: /home/atwork/caramelo_atwork/src/install/caramelo_one/share/caramelo_one/local_setup.sh
-- Up-to-date: /home/atwork/caramelo_atwork/src/install/caramelo_one/share/caramelo_one/local_setup.zsh
-- Up-to-date: /home/atwork/caramelo_atwork/src/install/caramelo_one/share/caramelo_one/local_setup.dsv
-- Up-to-date: /home/atwork/caramelo_atwork/src/install/caramelo_one/share/caramelo_one/package.dsv
-- Up-to-date: /home/atwork/caramelo_atwork/src/install/caramelo_one/share/ament_index/resource_index/packages/caramelo_one
-- Up-to-date: /home/atwork/caramelo_atwork/src/install/caramelo_one/share/caramelo_one/cmake/caramelo_oneConfig.cmake
-- Up-to-date: /home/atwork/caramelo_atwork/src/install/caramelo_one/share/caramelo_one/cmake/caramelo_oneConfig-version.cmake
-- Up-to-date: /home/atwork/caramelo_atwork/src/install/caramelo_one/share/caramelo_one/package.xml
