[0.156s] DEBUG:colcon:Command line arguments: ['/usr/bin/colcon', 'build']
[0.156s] DEBUG:colcon:Parsed command line arguments: Namespace(log_base=None, log_level=None, verb_name='build', build_base='build', install_base='install', merge_install=False, symlink_install=False, test_result_base=None, continue_on_error=False, executor='parallel', parallel_workers=20, event_handlers=None, ignore_user_meta=False, metas=['./colcon.meta'], base_paths=['.'], packages_ignore=None, packages_ignore_regex=None, paths=None, packages_up_to=None, packages_up_to_regex=None, packages_above=None, packages_above_and_dependencies=None, packages_above_depth=None, packages_select_by_dep=None, packages_skip_by_dep=None, packages_skip_up_to=None, packages_select_build_failed=False, packages_skip_build_finished=False, packages_select_test_failures=False, packages_skip_test_passed=False, packages_select=None, packages_skip=None, packages_select_regex=None, packages_skip_regex=None, packages_start=None, packages_end=None, allow_overriding=[], cmake_args=None, cmake_target=None, cmake_target_skip_unavailable=False, cmake_clean_cache=False, cmake_clean_first=False, cmake_force_configure=False, ament_cmake_args=None, catkin_cmake_args=None, catkin_skip_building_tests=False, verb_parser=<colcon_defaults.argument_parser.defaults.DefaultArgumentsDecorator object at 0x74861eff5180>, verb_extension=<colcon_core.verb.build.BuildVerb object at 0x74861eff4bb0>, main=<bound method BuildVerb.main of <colcon_core.verb.build.BuildVerb object at 0x74861eff4bb0>>)
[0.319s] Level 1:colcon.colcon_core.package_discovery:discover_packages(colcon_meta) check parameters
[0.319s] Level 1:colcon.colcon_core.package_discovery:discover_packages(recursive) check parameters
[0.319s] Level 1:colcon.colcon_core.package_discovery:discover_packages(ignore) check parameters
[0.319s] Level 1:colcon.colcon_core.package_discovery:discover_packages(path) check parameters
[0.319s] Level 1:colcon.colcon_core.package_discovery:discover_packages(colcon_meta) discover
[0.319s] Level 1:colcon.colcon_core.package_discovery:discover_packages(recursive) discover
[0.319s] INFO:colcon.colcon_core.package_discovery:Crawling recursively for packages in '/home/atwork/caramelo_atwork/src'
[0.319s] Level 1:colcon.colcon_core.package_identification:_identify(.) by extensions ['ignore', 'ignore_ament_install']
[0.319s] Level 1:colcon.colcon_core.package_identification:_identify(.) by extension 'ignore'
[0.319s] Level 1:colcon.colcon_core.package_identification:_identify(.) by extension 'ignore_ament_install'
[0.319s] Level 1:colcon.colcon_core.package_identification:_identify(.) by extensions ['colcon_pkg']
[0.319s] Level 1:colcon.colcon_core.package_identification:_identify(.) by extension 'colcon_pkg'
[0.319s] Level 1:colcon.colcon_core.package_identification:_identify(.) by extensions ['colcon_meta']
[0.319s] Level 1:colcon.colcon_core.package_identification:_identify(.) by extension 'colcon_meta'
[0.319s] Level 1:colcon.colcon_core.package_identification:_identify(.) by extensions ['ros']
[0.319s] Level 1:colcon.colcon_core.package_identification:_identify(.) by extension 'ros'
[0.325s] Level 1:colcon.colcon_core.package_identification:_identify(.) by extensions ['cmake', 'python']
[0.325s] Level 1:colcon.colcon_core.package_identification:_identify(.) by extension 'cmake'
[0.325s] Level 1:colcon.colcon_core.package_identification:_identify(.) by extension 'python'
[0.325s] Level 1:colcon.colcon_core.package_identification:_identify(.) by extensions ['python_setup_py']
[0.325s] Level 1:colcon.colcon_core.package_identification:_identify(.) by extension 'python_setup_py'
[0.325s] Level 1:colcon.colcon_core.package_identification:_identify(build) by extensions ['ignore', 'ignore_ament_install']
[0.325s] Level 1:colcon.colcon_core.package_identification:_identify(build) by extension 'ignore'
[0.325s] Level 1:colcon.colcon_core.package_identification:_identify(build) ignored
[0.325s] Level 1:colcon.colcon_core.package_identification:_identify(caramelo_one) by extensions ['ignore', 'ignore_ament_install']
[0.325s] Level 1:colcon.colcon_core.package_identification:_identify(caramelo_one) by extension 'ignore'
[0.325s] Level 1:colcon.colcon_core.package_identification:_identify(caramelo_one) by extension 'ignore_ament_install'
[0.326s] Level 1:colcon.colcon_core.package_identification:_identify(caramelo_one) by extensions ['colcon_pkg']
[0.326s] Level 1:colcon.colcon_core.package_identification:_identify(caramelo_one) by extension 'colcon_pkg'
[0.326s] Level 1:colcon.colcon_core.package_identification:_identify(caramelo_one) by extensions ['colcon_meta']
[0.326s] Level 1:colcon.colcon_core.package_identification:_identify(caramelo_one) by extension 'colcon_meta'
[0.326s] Level 1:colcon.colcon_core.package_identification:_identify(caramelo_one) by extensions ['ros']
[0.326s] Level 1:colcon.colcon_core.package_identification:_identify(caramelo_one) by extension 'ros'
[0.327s] DEBUG:colcon.colcon_core.package_identification:Package 'caramelo_one' with type 'ros.ament_cmake' and name 'caramelo_one'
[0.327s] Level 1:colcon.colcon_core.package_identification:_identify(install) by extensions ['ignore', 'ignore_ament_install']
[0.327s] Level 1:colcon.colcon_core.package_identification:_identify(install) by extension 'ignore'
[0.327s] Level 1:colcon.colcon_core.package_identification:_identify(install) ignored
[0.327s] Level 1:colcon.colcon_core.package_identification:_identify(log) by extensions ['ignore', 'ignore_ament_install']
[0.327s] Level 1:colcon.colcon_core.package_identification:_identify(log) by extension 'ignore'
[0.327s] Level 1:colcon.colcon_core.package_identification:_identify(log) ignored
[0.327s] Level 1:colcon.colcon_core.package_identification:_identify(navegacao_pkg) by extensions ['ignore', 'ignore_ament_install']
[0.327s] Level 1:colcon.colcon_core.package_identification:_identify(navegacao_pkg) by extension 'ignore'
[0.327s] Level 1:colcon.colcon_core.package_identification:_identify(navegacao_pkg) by extension 'ignore_ament_install'
[0.327s] Level 1:colcon.colcon_core.package_identification:_identify(navegacao_pkg) by extensions ['colcon_pkg']
[0.327s] Level 1:colcon.colcon_core.package_identification:_identify(navegacao_pkg) by extension 'colcon_pkg'
[0.327s] Level 1:colcon.colcon_core.package_identification:_identify(navegacao_pkg) by extensions ['colcon_meta']
[0.327s] Level 1:colcon.colcon_core.package_identification:_identify(navegacao_pkg) by extension 'colcon_meta'
[0.327s] Level 1:colcon.colcon_core.package_identification:_identify(navegacao_pkg) by extensions ['ros']
[0.327s] Level 1:colcon.colcon_core.package_identification:_identify(navegacao_pkg) by extension 'ros'
[0.328s] DEBUG:colcon.colcon_core.package_identification:Package 'navegacao_pkg' with type 'ros.ament_python' and name 'navegacao_pkg'
[0.328s] Level 1:colcon.colcon_core.package_identification:_identify(sllidar_ros2) by extensions ['ignore', 'ignore_ament_install']
[0.328s] Level 1:colcon.colcon_core.package_identification:_identify(sllidar_ros2) by extension 'ignore'
[0.328s] Level 1:colcon.colcon_core.package_identification:_identify(sllidar_ros2) by extension 'ignore_ament_install'
[0.328s] Level 1:colcon.colcon_core.package_identification:_identify(sllidar_ros2) by extensions ['colcon_pkg']
[0.328s] Level 1:colcon.colcon_core.package_identification:_identify(sllidar_ros2) by extension 'colcon_pkg'
[0.328s] Level 1:colcon.colcon_core.package_identification:_identify(sllidar_ros2) by extensions ['colcon_meta']
[0.328s] Level 1:colcon.colcon_core.package_identification:_identify(sllidar_ros2) by extension 'colcon_meta'
[0.328s] Level 1:colcon.colcon_core.package_identification:_identify(sllidar_ros2) by extensions ['ros']
[0.328s] Level 1:colcon.colcon_core.package_identification:_identify(sllidar_ros2) by extension 'ros'
[0.328s] DEBUG:colcon.colcon_core.package_identification:Package 'sllidar_ros2' with type 'ros.ament_cmake' and name 'sllidar_ros2'
[0.328s] Level 1:colcon.colcon_core.package_discovery:discover_packages(recursive) using defaults
[0.328s] Level 1:colcon.colcon_core.package_discovery:discover_packages(ignore) discover
[0.328s] Level 1:colcon.colcon_core.package_discovery:discover_packages(ignore) using defaults
[0.328s] Level 1:colcon.colcon_core.package_discovery:discover_packages(path) discover
[0.328s] Level 1:colcon.colcon_core.package_discovery:discover_packages(path) using defaults
[0.345s] Level 1:colcon.colcon_core.package_discovery:discover_packages(prefix_path) check parameters
[0.345s] Level 1:colcon.colcon_core.package_discovery:discover_packages(prefix_path) discover
[0.347s] DEBUG:colcon.colcon_installed_package_information.package_discovery:Found 2 installed packages in /home/atwork/ros2_ws/install
[0.347s] DEBUG:colcon.colcon_installed_package_information.package_discovery:Found 336 installed packages in /opt/ros/humble
[0.348s] Level 1:colcon.colcon_core.package_discovery:discover_packages(prefix_path) using defaults
[0.367s] Level 5:colcon.colcon_core.verb:set package 'caramelo_one' build argument 'cmake_args' from command line to 'None'
[0.368s] Level 5:colcon.colcon_core.verb:set package 'caramelo_one' build argument 'cmake_target' from command line to 'None'
[0.368s] Level 5:colcon.colcon_core.verb:set package 'caramelo_one' build argument 'cmake_target_skip_unavailable' from command line to 'False'
[0.368s] Level 5:colcon.colcon_core.verb:set package 'caramelo_one' build argument 'cmake_clean_cache' from command line to 'False'
[0.368s] Level 5:colcon.colcon_core.verb:set package 'caramelo_one' build argument 'cmake_clean_first' from command line to 'False'
[0.368s] Level 5:colcon.colcon_core.verb:set package 'caramelo_one' build argument 'cmake_force_configure' from command line to 'False'
[0.368s] Level 5:colcon.colcon_core.verb:set package 'caramelo_one' build argument 'ament_cmake_args' from command line to 'None'
[0.368s] Level 5:colcon.colcon_core.verb:set package 'caramelo_one' build argument 'catkin_cmake_args' from command line to 'None'
[0.368s] Level 5:colcon.colcon_core.verb:set package 'caramelo_one' build argument 'catkin_skip_building_tests' from command line to 'False'
[0.368s] DEBUG:colcon.colcon_core.verb:Building package 'caramelo_one' with the following arguments: {'ament_cmake_args': None, 'build_base': '/home/atwork/caramelo_atwork/src/build/caramelo_one', 'catkin_cmake_args': None, 'catkin_skip_building_tests': False, 'cmake_args': None, 'cmake_clean_cache': False, 'cmake_clean_first': False, 'cmake_force_configure': False, 'cmake_target': None, 'cmake_target_skip_unavailable': False, 'install_base': '/home/atwork/caramelo_atwork/src/install/caramelo_one', 'merge_install': False, 'path': '/home/atwork/caramelo_atwork/src/caramelo_one', 'symlink_install': False, 'test_result_base': None}
[0.368s] Level 5:colcon.colcon_core.verb:set package 'navegacao_pkg' build argument 'cmake_args' from command line to 'None'
[0.368s] Level 5:colcon.colcon_core.verb:set package 'navegacao_pkg' build argument 'cmake_target' from command line to 'None'
[0.368s] Level 5:colcon.colcon_core.verb:set package 'navegacao_pkg' build argument 'cmake_target_skip_unavailable' from command line to 'False'
[0.368s] Level 5:colcon.colcon_core.verb:set package 'navegacao_pkg' build argument 'cmake_clean_cache' from command line to 'False'
[0.368s] Level 5:colcon.colcon_core.verb:set package 'navegacao_pkg' build argument 'cmake_clean_first' from command line to 'False'
[0.368s] Level 5:colcon.colcon_core.verb:set package 'navegacao_pkg' build argument 'cmake_force_configure' from command line to 'False'
[0.368s] Level 5:colcon.colcon_core.verb:set package 'navegacao_pkg' build argument 'ament_cmake_args' from command line to 'None'
[0.368s] Level 5:colcon.colcon_core.verb:set package 'navegacao_pkg' build argument 'catkin_cmake_args' from command line to 'None'
[0.368s] Level 5:colcon.colcon_core.verb:set package 'navegacao_pkg' build argument 'catkin_skip_building_tests' from command line to 'False'
[0.368s] DEBUG:colcon.colcon_core.verb:Building package 'navegacao_pkg' with the following arguments: {'ament_cmake_args': None, 'build_base': '/home/atwork/caramelo_atwork/src/build/navegacao_pkg', 'catkin_cmake_args': None, 'catkin_skip_building_tests': False, 'cmake_args': None, 'cmake_clean_cache': False, 'cmake_clean_first': False, 'cmake_force_configure': False, 'cmake_target': None, 'cmake_target_skip_unavailable': False, 'install_base': '/home/atwork/caramelo_atwork/src/install/navegacao_pkg', 'merge_install': False, 'path': '/home/atwork/caramelo_atwork/src/navegacao_pkg', 'symlink_install': False, 'test_result_base': None}
[0.368s] Level 5:colcon.colcon_core.verb:set package 'sllidar_ros2' build argument 'cmake_args' from command line to 'None'
[0.368s] Level 5:colcon.colcon_core.verb:set package 'sllidar_ros2' build argument 'cmake_target' from command line to 'None'
[0.368s] Level 5:colcon.colcon_core.verb:set package 'sllidar_ros2' build argument 'cmake_target_skip_unavailable' from command line to 'False'
[0.368s] Level 5:colcon.colcon_core.verb:set package 'sllidar_ros2' build argument 'cmake_clean_cache' from command line to 'False'
[0.368s] Level 5:colcon.colcon_core.verb:set package 'sllidar_ros2' build argument 'cmake_clean_first' from command line to 'False'
[0.368s] Level 5:colcon.colcon_core.verb:set package 'sllidar_ros2' build argument 'cmake_force_configure' from command line to 'False'
[0.368s] Level 5:colcon.colcon_core.verb:set package 'sllidar_ros2' build argument 'ament_cmake_args' from command line to 'None'
[0.368s] Level 5:colcon.colcon_core.verb:set package 'sllidar_ros2' build argument 'catkin_cmake_args' from command line to 'None'
[0.368s] Level 5:colcon.colcon_core.verb:set package 'sllidar_ros2' build argument 'catkin_skip_building_tests' from command line to 'False'
[0.368s] DEBUG:colcon.colcon_core.verb:Building package 'sllidar_ros2' with the following arguments: {'ament_cmake_args': None, 'build_base': '/home/atwork/caramelo_atwork/src/build/sllidar_ros2', 'catkin_cmake_args': None, 'catkin_skip_building_tests': False, 'cmake_args': None, 'cmake_clean_cache': False, 'cmake_clean_first': False, 'cmake_force_configure': False, 'cmake_target': None, 'cmake_target_skip_unavailable': False, 'install_base': '/home/atwork/caramelo_atwork/src/install/sllidar_ros2', 'merge_install': False, 'path': '/home/atwork/caramelo_atwork/src/sllidar_ros2', 'symlink_install': False, 'test_result_base': None}
[0.368s] INFO:colcon.colcon_core.executor:Executing jobs using 'parallel' executor
[0.369s] DEBUG:colcon.colcon_parallel_executor.executor.parallel:run_until_complete
[0.369s] INFO:colcon.colcon_ros.task.ament_cmake.build:Building ROS package in '/home/atwork/caramelo_atwork/src/caramelo_one' with build type 'ament_cmake'
[0.369s] INFO:colcon.colcon_cmake.task.cmake.build:Building CMake package in '/home/atwork/caramelo_atwork/src/caramelo_one'
[0.372s] INFO:colcon.colcon_core.plugin_system:Skipping extension 'colcon_core.shell.bat': Not used on non-Windows systems
[0.372s] INFO:colcon.colcon_core.shell:Skip shell extension 'powershell' for command environment: Not usable outside of PowerShell
[0.372s] DEBUG:colcon.colcon_core.shell:Skip shell extension 'dsv' for command environment
[0.374s] INFO:colcon.colcon_ros.task.ament_python.build:Building ROS package in '/home/atwork/caramelo_atwork/src/navegacao_pkg' with build type 'ament_python'
[0.374s] Level 1:colcon.colcon_core.shell:create_environment_hook('navegacao_pkg', 'ament_prefix_path')
[0.374s] INFO:colcon.colcon_core.shell:Creating environment hook '/home/atwork/caramelo_atwork/src/install/navegacao_pkg/share/navegacao_pkg/hook/ament_prefix_path.ps1'
[0.375s] INFO:colcon.colcon_core.shell:Creating environment descriptor '/home/atwork/caramelo_atwork/src/install/navegacao_pkg/share/navegacao_pkg/hook/ament_prefix_path.dsv'
[0.376s] INFO:colcon.colcon_core.shell:Creating environment hook '/home/atwork/caramelo_atwork/src/install/navegacao_pkg/share/navegacao_pkg/hook/ament_prefix_path.sh'
[0.377s] INFO:colcon.colcon_core.shell:Skip shell extension 'powershell' for command environment: Not usable outside of PowerShell
[0.377s] DEBUG:colcon.colcon_core.shell:Skip shell extension 'dsv' for command environment
[0.378s] INFO:colcon.colcon_ros.task.ament_cmake.build:Building ROS package in '/home/atwork/caramelo_atwork/src/sllidar_ros2' with build type 'ament_cmake'
[0.378s] INFO:colcon.colcon_cmake.task.cmake.build:Building CMake package in '/home/atwork/caramelo_atwork/src/sllidar_ros2'
[0.378s] INFO:colcon.colcon_core.shell:Skip shell extension 'powershell' for command environment: Not usable outside of PowerShell
[0.378s] DEBUG:colcon.colcon_core.shell:Skip shell extension 'dsv' for command environment
[0.384s] DEBUG:colcon.colcon_core.event_handler.log_command:Invoking command in '/home/atwork/caramelo_atwork/src/build/caramelo_one': CMAKE_PREFIX_PATH=${CMAKE_PREFIX_PATH}:/opt/ros/humble /home/atwork/.local/bin/cmake --build /home/atwork/caramelo_atwork/src/build/caramelo_one -- -j20 -l20
[0.541s] INFO:colcon.colcon_core.task.python.build:Building Python package in '/home/atwork/caramelo_atwork/src/navegacao_pkg'
[0.542s] INFO:colcon.colcon_core.shell:Skip shell extension 'powershell' for command environment: Not usable outside of PowerShell
[0.542s] DEBUG:colcon.colcon_core.shell:Skip shell extension 'dsv' for command environment
[0.547s] DEBUG:colcon.colcon_core.event_handler.log_command:Invoking command in '/home/atwork/caramelo_atwork/src/build/sllidar_ros2': CMAKE_PREFIX_PATH=${CMAKE_PREFIX_PATH}:/opt/ros/humble /home/atwork/.local/bin/cmake --build /home/atwork/caramelo_atwork/src/build/sllidar_ros2 -- -j20 -l20
[0.547s] DEBUG:colcon.colcon_core.event_handler.log_command:Invoked command in '/home/atwork/caramelo_atwork/src/build/caramelo_one' returned '0': CMAKE_PREFIX_PATH=${CMAKE_PREFIX_PATH}:/opt/ros/humble /home/atwork/.local/bin/cmake --build /home/atwork/caramelo_atwork/src/build/caramelo_one -- -j20 -l20
[0.779s] DEBUG:colcon.colcon_core.event_handler.log_command:Invoking command in '/home/atwork/caramelo_atwork/src/build/caramelo_one': CMAKE_PREFIX_PATH=${CMAKE_PREFIX_PATH}:/opt/ros/humble /home/atwork/.local/bin/cmake --install /home/atwork/caramelo_atwork/src/build/caramelo_one
[0.781s] DEBUG:colcon.colcon_core.event_handler.log_command:Invoked command in '/home/atwork/caramelo_atwork/src/build/sllidar_ros2' returned '0': CMAKE_PREFIX_PATH=${CMAKE_PREFIX_PATH}:/opt/ros/humble /home/atwork/.local/bin/cmake --build /home/atwork/caramelo_atwork/src/build/sllidar_ros2 -- -j20 -l20
[0.920s] Level 1:colcon.colcon_core.environment:create_environment_scripts_only(caramelo_one)
[0.920s] DEBUG:colcon.colcon_core.event_handler.log_command:Invoked command in '/home/atwork/caramelo_atwork/src/build/caramelo_one' returned '0': CMAKE_PREFIX_PATH=${CMAKE_PREFIX_PATH}:/opt/ros/humble /home/atwork/.local/bin/cmake --install /home/atwork/caramelo_atwork/src/build/caramelo_one
[0.923s] Level 1:colcon.colcon_core.environment:checking '/home/atwork/caramelo_atwork/src/install/caramelo_one' for CMake module files
[0.924s] Level 1:colcon.colcon_core.environment:checking '/home/atwork/caramelo_atwork/src/install/caramelo_one' for CMake config files
[0.924s] Level 1:colcon.colcon_core.shell:create_environment_hook('caramelo_one', 'cmake_prefix_path')
[0.924s] INFO:colcon.colcon_core.shell:Creating environment hook '/home/atwork/caramelo_atwork/src/install/caramelo_one/share/caramelo_one/hook/cmake_prefix_path.ps1'
[0.925s] INFO:colcon.colcon_core.shell:Creating environment descriptor '/home/atwork/caramelo_atwork/src/install/caramelo_one/share/caramelo_one/hook/cmake_prefix_path.dsv'
[0.926s] INFO:colcon.colcon_core.shell:Creating environment hook '/home/atwork/caramelo_atwork/src/install/caramelo_one/share/caramelo_one/hook/cmake_prefix_path.sh'
[0.927s] Level 1:colcon.colcon_core.environment:checking '/home/atwork/caramelo_atwork/src/install/caramelo_one/bin'
[0.927s] Level 1:colcon.colcon_core.environment:checking '/home/atwork/caramelo_atwork/src/install/caramelo_one/lib/pkgconfig/caramelo_one.pc'
[0.928s] Level 1:colcon.colcon_core.environment:checking '/home/atwork/caramelo_atwork/src/install/caramelo_one/lib/python3.10/site-packages'
[0.928s] Level 1:colcon.colcon_core.environment:checking '/home/atwork/caramelo_atwork/src/install/caramelo_one/bin'
[0.929s] INFO:colcon.colcon_core.shell:Creating package script '/home/atwork/caramelo_atwork/src/install/caramelo_one/share/caramelo_one/package.ps1'
[0.931s] INFO:colcon.colcon_core.shell:Creating package descriptor '/home/atwork/caramelo_atwork/src/install/caramelo_one/share/caramelo_one/package.dsv'
[0.932s] INFO:colcon.colcon_core.shell:Creating package script '/home/atwork/caramelo_atwork/src/install/caramelo_one/share/caramelo_one/package.sh'
[0.935s] INFO:colcon.colcon_core.shell:Creating package script '/home/atwork/caramelo_atwork/src/install/caramelo_one/share/caramelo_one/package.bash'
[0.937s] INFO:colcon.colcon_core.shell:Creating package script '/home/atwork/caramelo_atwork/src/install/caramelo_one/share/caramelo_one/package.zsh'
[0.939s] Level 1:colcon.colcon_core.environment:create_file_with_runtime_dependencies(/home/atwork/caramelo_atwork/src/install/caramelo_one/share/colcon-core/packages/caramelo_one)
[1.057s] DEBUG:colcon.colcon_core.event_handler.log_command:Invoking command in '/home/atwork/caramelo_atwork/src/build/sllidar_ros2': CMAKE_PREFIX_PATH=${CMAKE_PREFIX_PATH}:/opt/ros/humble /home/atwork/.local/bin/cmake --install /home/atwork/caramelo_atwork/src/build/sllidar_ros2
[1.167s] Level 1:colcon.colcon_core.environment:create_environment_scripts_only(caramelo_one)
[1.167s] Level 1:colcon.colcon_core.environment:checking '/home/atwork/caramelo_atwork/src/install/caramelo_one' for CMake module files
[1.168s] Level 1:colcon.colcon_core.environment:checking '/home/atwork/caramelo_atwork/src/install/caramelo_one' for CMake config files
[1.168s] Level 1:colcon.colcon_core.shell:create_environment_hook('caramelo_one', 'cmake_prefix_path')
[1.169s] INFO:colcon.colcon_core.shell:Creating environment hook '/home/atwork/caramelo_atwork/src/install/caramelo_one/share/caramelo_one/hook/cmake_prefix_path.ps1'
[1.169s] INFO:colcon.colcon_core.shell:Creating environment descriptor '/home/atwork/caramelo_atwork/src/install/caramelo_one/share/caramelo_one/hook/cmake_prefix_path.dsv'
[1.170s] INFO:colcon.colcon_core.shell:Creating environment hook '/home/atwork/caramelo_atwork/src/install/caramelo_one/share/caramelo_one/hook/cmake_prefix_path.sh'
[1.171s] Level 1:colcon.colcon_core.environment:checking '/home/atwork/caramelo_atwork/src/install/caramelo_one/bin'
[1.171s] Level 1:colcon.colcon_core.environment:checking '/home/atwork/caramelo_atwork/src/install/caramelo_one/lib/pkgconfig/caramelo_one.pc'
[1.172s] Level 1:colcon.colcon_core.environment:checking '/home/atwork/caramelo_atwork/src/install/caramelo_one/lib/python3.10/site-packages'
[1.172s] Level 1:colcon.colcon_core.environment:checking '/home/atwork/caramelo_atwork/src/install/caramelo_one/bin'
[1.172s] INFO:colcon.colcon_core.shell:Creating package script '/home/atwork/caramelo_atwork/src/install/caramelo_one/share/caramelo_one/package.ps1'
[1.173s] INFO:colcon.colcon_core.shell:Creating package descriptor '/home/atwork/caramelo_atwork/src/install/caramelo_one/share/caramelo_one/package.dsv'
[1.174s] INFO:colcon.colcon_core.shell:Creating package script '/home/atwork/caramelo_atwork/src/install/caramelo_one/share/caramelo_one/package.sh'
[1.174s] INFO:colcon.colcon_core.shell:Creating package script '/home/atwork/caramelo_atwork/src/install/caramelo_one/share/caramelo_one/package.bash'
[1.175s] INFO:colcon.colcon_core.shell:Creating package script '/home/atwork/caramelo_atwork/src/install/caramelo_one/share/caramelo_one/package.zsh'
[1.175s] Level 1:colcon.colcon_core.environment:create_file_with_runtime_dependencies(/home/atwork/caramelo_atwork/src/install/caramelo_one/share/colcon-core/packages/caramelo_one)
[1.186s] DEBUG:colcon.colcon_core.event_handler.log_command:Invoking command in '/home/atwork/caramelo_atwork/src/navegacao_pkg': PYTHONPATH=/home/atwork/caramelo_atwork/src/build/navegacao_pkg/prefix_override:/usr/lib/python3/dist-packages/colcon_core/task/python/colcon_distutils_commands:/home/atwork/caramelo_atwork/src/install/navegacao_pkg/lib/python3.10/site-packages:${PYTHONPATH} /usr/bin/python3 -W ignore:setup.py install is deprecated setup.py egg_info --egg-base ../build/navegacao_pkg build --build-base /home/atwork/caramelo_atwork/src/build/navegacao_pkg/build install --record /home/atwork/caramelo_atwork/src/build/navegacao_pkg/install.log --single-version-externally-managed install_data
[1.220s] Level 1:colcon.colcon_core.environment:create_environment_scripts_only(sllidar_ros2)
[1.220s] Level 1:colcon.colcon_core.environment:checking '/home/atwork/caramelo_atwork/src/install/sllidar_ros2' for CMake module files
[1.221s] DEBUG:colcon.colcon_core.event_handler.log_command:Invoked command in '/home/atwork/caramelo_atwork/src/build/sllidar_ros2' returned '0': CMAKE_PREFIX_PATH=${CMAKE_PREFIX_PATH}:/opt/ros/humble /home/atwork/.local/bin/cmake --install /home/atwork/caramelo_atwork/src/build/sllidar_ros2
[1.221s] Level 1:colcon.colcon_core.environment:checking '/home/atwork/caramelo_atwork/src/install/sllidar_ros2' for CMake config files
[1.222s] Level 1:colcon.colcon_core.shell:create_environment_hook('sllidar_ros2', 'cmake_prefix_path')
[1.222s] INFO:colcon.colcon_core.shell:Creating environment hook '/home/atwork/caramelo_atwork/src/install/sllidar_ros2/share/sllidar_ros2/hook/cmake_prefix_path.ps1'
[1.223s] INFO:colcon.colcon_core.shell:Creating environment descriptor '/home/atwork/caramelo_atwork/src/install/sllidar_ros2/share/sllidar_ros2/hook/cmake_prefix_path.dsv'
[1.223s] INFO:colcon.colcon_core.shell:Creating environment hook '/home/atwork/caramelo_atwork/src/install/sllidar_ros2/share/sllidar_ros2/hook/cmake_prefix_path.sh'
[1.224s] Level 1:colcon.colcon_core.environment:checking '/home/atwork/caramelo_atwork/src/install/sllidar_ros2/lib'
[1.225s] Level 1:colcon.colcon_core.environment:checking '/home/atwork/caramelo_atwork/src/install/sllidar_ros2/bin'
[1.225s] Level 1:colcon.colcon_core.environment:checking '/home/atwork/caramelo_atwork/src/install/sllidar_ros2/lib/pkgconfig/sllidar_ros2.pc'
[1.225s] Level 1:colcon.colcon_core.environment:checking '/home/atwork/caramelo_atwork/src/install/sllidar_ros2/lib/python3.10/site-packages'
[1.225s] Level 1:colcon.colcon_core.environment:checking '/home/atwork/caramelo_atwork/src/install/sllidar_ros2/bin'
[1.226s] INFO:colcon.colcon_core.shell:Creating package script '/home/atwork/caramelo_atwork/src/install/sllidar_ros2/share/sllidar_ros2/package.ps1'
[1.226s] INFO:colcon.colcon_core.shell:Creating package descriptor '/home/atwork/caramelo_atwork/src/install/sllidar_ros2/share/sllidar_ros2/package.dsv'
[1.227s] INFO:colcon.colcon_core.shell:Creating package script '/home/atwork/caramelo_atwork/src/install/sllidar_ros2/share/sllidar_ros2/package.sh'
[1.228s] INFO:colcon.colcon_core.shell:Creating package script '/home/atwork/caramelo_atwork/src/install/sllidar_ros2/share/sllidar_ros2/package.bash'
[1.228s] INFO:colcon.colcon_core.shell:Creating package script '/home/atwork/caramelo_atwork/src/install/sllidar_ros2/share/sllidar_ros2/package.zsh'
[1.228s] Level 1:colcon.colcon_core.environment:create_file_with_runtime_dependencies(/home/atwork/caramelo_atwork/src/install/sllidar_ros2/share/colcon-core/packages/sllidar_ros2)
[1.385s] Level 1:colcon.colcon_core.environment:create_environment_scripts_only(sllidar_ros2)
[1.386s] Level 1:colcon.colcon_core.environment:checking '/home/atwork/caramelo_atwork/src/install/sllidar_ros2' for CMake module files
[1.386s] Level 1:colcon.colcon_core.environment:checking '/home/atwork/caramelo_atwork/src/install/sllidar_ros2' for CMake config files
[1.386s] Level 1:colcon.colcon_core.shell:create_environment_hook('sllidar_ros2', 'cmake_prefix_path')
[1.386s] INFO:colcon.colcon_core.shell:Creating environment hook '/home/atwork/caramelo_atwork/src/install/sllidar_ros2/share/sllidar_ros2/hook/cmake_prefix_path.ps1'
[1.386s] INFO:colcon.colcon_core.shell:Creating environment descriptor '/home/atwork/caramelo_atwork/src/install/sllidar_ros2/share/sllidar_ros2/hook/cmake_prefix_path.dsv'
[1.387s] INFO:colcon.colcon_core.shell:Creating environment hook '/home/atwork/caramelo_atwork/src/install/sllidar_ros2/share/sllidar_ros2/hook/cmake_prefix_path.sh'
[1.387s] Level 1:colcon.colcon_core.environment:checking '/home/atwork/caramelo_atwork/src/install/sllidar_ros2/lib'
[1.387s] Level 1:colcon.colcon_core.environment:checking '/home/atwork/caramelo_atwork/src/install/sllidar_ros2/bin'
[1.387s] Level 1:colcon.colcon_core.environment:checking '/home/atwork/caramelo_atwork/src/install/sllidar_ros2/lib/pkgconfig/sllidar_ros2.pc'
[1.387s] Level 1:colcon.colcon_core.environment:checking '/home/atwork/caramelo_atwork/src/install/sllidar_ros2/lib/python3.10/site-packages'
[1.387s] Level 1:colcon.colcon_core.environment:checking '/home/atwork/caramelo_atwork/src/install/sllidar_ros2/bin'
[1.387s] INFO:colcon.colcon_core.shell:Creating package script '/home/atwork/caramelo_atwork/src/install/sllidar_ros2/share/sllidar_ros2/package.ps1'
[1.388s] INFO:colcon.colcon_core.shell:Creating package descriptor '/home/atwork/caramelo_atwork/src/install/sllidar_ros2/share/sllidar_ros2/package.dsv'
[1.388s] INFO:colcon.colcon_core.shell:Creating package script '/home/atwork/caramelo_atwork/src/install/sllidar_ros2/share/sllidar_ros2/package.sh'
[1.388s] INFO:colcon.colcon_core.shell:Creating package script '/home/atwork/caramelo_atwork/src/install/sllidar_ros2/share/sllidar_ros2/package.bash'
[1.388s] INFO:colcon.colcon_core.shell:Creating package script '/home/atwork/caramelo_atwork/src/install/sllidar_ros2/share/sllidar_ros2/package.zsh'
[1.388s] Level 1:colcon.colcon_core.environment:create_file_with_runtime_dependencies(/home/atwork/caramelo_atwork/src/install/sllidar_ros2/share/colcon-core/packages/sllidar_ros2)
[1.429s] Level 1:colcon.colcon_core.environment:checking '/home/atwork/caramelo_atwork/src/install/navegacao_pkg' for CMake module files
[1.430s] DEBUG:colcon.colcon_core.event_handler.log_command:Invoked command in '/home/atwork/caramelo_atwork/src/navegacao_pkg' returned '0': PYTHONPATH=/home/atwork/caramelo_atwork/src/build/navegacao_pkg/prefix_override:/usr/lib/python3/dist-packages/colcon_core/task/python/colcon_distutils_commands:/home/atwork/caramelo_atwork/src/install/navegacao_pkg/lib/python3.10/site-packages:${PYTHONPATH} /usr/bin/python3 -W ignore:setup.py install is deprecated setup.py egg_info --egg-base ../build/navegacao_pkg build --build-base /home/atwork/caramelo_atwork/src/build/navegacao_pkg/build install --record /home/atwork/caramelo_atwork/src/build/navegacao_pkg/install.log --single-version-externally-managed install_data
[1.430s] Level 1:colcon.colcon_core.environment:checking '/home/atwork/caramelo_atwork/src/install/navegacao_pkg' for CMake config files
[1.430s] Level 1:colcon.colcon_core.environment:checking '/home/atwork/caramelo_atwork/src/install/navegacao_pkg/lib'
[1.430s] Level 1:colcon.colcon_core.environment:checking '/home/atwork/caramelo_atwork/src/install/navegacao_pkg/bin'
[1.430s] Level 1:colcon.colcon_core.environment:checking '/home/atwork/caramelo_atwork/src/install/navegacao_pkg/lib/pkgconfig/navegacao_pkg.pc'
[1.430s] Level 1:colcon.colcon_core.environment:checking '/home/atwork/caramelo_atwork/src/install/navegacao_pkg/lib/python3.10/site-packages'
[1.430s] Level 1:colcon.colcon_core.shell:create_environment_hook('navegacao_pkg', 'pythonpath')
[1.430s] INFO:colcon.colcon_core.shell:Creating environment hook '/home/atwork/caramelo_atwork/src/install/navegacao_pkg/share/navegacao_pkg/hook/pythonpath.ps1'
[1.431s] INFO:colcon.colcon_core.shell:Creating environment descriptor '/home/atwork/caramelo_atwork/src/install/navegacao_pkg/share/navegacao_pkg/hook/pythonpath.dsv'
[1.431s] INFO:colcon.colcon_core.shell:Creating environment hook '/home/atwork/caramelo_atwork/src/install/navegacao_pkg/share/navegacao_pkg/hook/pythonpath.sh'
[1.431s] Level 1:colcon.colcon_core.environment:checking '/home/atwork/caramelo_atwork/src/install/navegacao_pkg/bin'
[1.431s] Level 1:colcon.colcon_core.environment:create_environment_scripts_only(navegacao_pkg)
[1.431s] INFO:colcon.colcon_core.shell:Creating package script '/home/atwork/caramelo_atwork/src/install/navegacao_pkg/share/navegacao_pkg/package.ps1'
[1.432s] INFO:colcon.colcon_core.shell:Creating package descriptor '/home/atwork/caramelo_atwork/src/install/navegacao_pkg/share/navegacao_pkg/package.dsv'
[1.432s] INFO:colcon.colcon_core.shell:Creating package script '/home/atwork/caramelo_atwork/src/install/navegacao_pkg/share/navegacao_pkg/package.sh'
[1.432s] INFO:colcon.colcon_core.shell:Creating package script '/home/atwork/caramelo_atwork/src/install/navegacao_pkg/share/navegacao_pkg/package.bash'
[1.432s] INFO:colcon.colcon_core.shell:Creating package script '/home/atwork/caramelo_atwork/src/install/navegacao_pkg/share/navegacao_pkg/package.zsh'
[1.432s] Level 1:colcon.colcon_core.environment:create_file_with_runtime_dependencies(/home/atwork/caramelo_atwork/src/install/navegacao_pkg/share/colcon-core/packages/navegacao_pkg)
[1.432s] DEBUG:colcon.colcon_parallel_executor.executor.parallel:closing loop
[1.433s] DEBUG:colcon.colcon_parallel_executor.executor.parallel:loop closed
[1.433s] DEBUG:colcon.colcon_parallel_executor.executor.parallel:run_until_complete finished with '0'
[1.433s] DEBUG:colcon.colcon_core.event_reactor:joining thread
[1.437s] INFO:colcon.colcon_core.plugin_system:Skipping extension 'colcon_notification.desktop_notification.terminal_notifier': Not used on non-Darwin systems
[1.437s] INFO:colcon.colcon_core.plugin_system:Skipping extension 'colcon_notification.desktop_notification.win32': Not used on non-Windows systems
[1.437s] INFO:colcon.colcon_notification.desktop_notification:Sending desktop notification using 'notify2'
[1.455s] DEBUG:colcon.colcon_core.event_reactor:joined thread
[1.456s] INFO:colcon.colcon_core.shell:Creating prefix script '/home/atwork/caramelo_atwork/src/install/local_setup.ps1'
[1.458s] INFO:colcon.colcon_core.shell:Creating prefix util module '/home/atwork/caramelo_atwork/src/install/_local_setup_util_ps1.py'
[1.462s] INFO:colcon.colcon_core.shell:Creating prefix chain script '/home/atwork/caramelo_atwork/src/install/setup.ps1'
[1.465s] INFO:colcon.colcon_core.shell:Creating prefix script '/home/atwork/caramelo_atwork/src/install/local_setup.sh'
[1.467s] INFO:colcon.colcon_core.shell:Creating prefix util module '/home/atwork/caramelo_atwork/src/install/_local_setup_util_sh.py'
[1.469s] INFO:colcon.colcon_core.shell:Creating prefix chain script '/home/atwork/caramelo_atwork/src/install/setup.sh'
[1.471s] INFO:colcon.colcon_core.shell:Creating prefix script '/home/atwork/caramelo_atwork/src/install/local_setup.bash'
[1.473s] INFO:colcon.colcon_core.shell:Creating prefix chain script '/home/atwork/caramelo_atwork/src/install/setup.bash'
[1.476s] INFO:colcon.colcon_core.shell:Creating prefix script '/home/atwork/caramelo_atwork/src/install/local_setup.zsh'
[1.477s] INFO:colcon.colcon_core.shell:Creating prefix chain script '/home/atwork/caramelo_atwork/src/install/setup.zsh'
