[0.497s] Invoking command in '/home/atwork/caramelo_atwork/src/simulation_pkg': PYTHONPATH=/home/atwork/caramelo_atwork/src/build/simulation_pkg/prefix_override:/usr/lib/python3/dist-packages/colcon_core/task/python/colcon_distutils_commands:/home/atwork/caramelo_atwork/src/install/simulation_pkg/lib/python3.10/site-packages:${PYTHONPATH} /usr/bin/python3 -W ignore:setup.py install is deprecated setup.py egg_info --egg-base ../build/simulation_pkg build --build-base /home/atwork/caramelo_atwork/src/build/simulation_pkg/build install --record /home/atwork/caramelo_atwork/src/build/simulation_pkg/install.log --single-version-externally-managed install_data
[0.612s] running egg_info
[0.612s] writing ../build/simulation_pkg/simulation_pkg.egg-info/PKG-INFO
[0.612s] writing dependency_links to ../build/simulation_pkg/simulation_pkg.egg-info/dependency_links.txt
[0.612s] writing entry points to ../build/simulation_pkg/simulation_pkg.egg-info/entry_points.txt
[0.612s] writing requirements to ../build/simulation_pkg/simulation_pkg.egg-info/requires.txt
[0.612s] writing top-level names to ../build/simulation_pkg/simulation_pkg.egg-info/top_level.txt
[0.613s] reading manifest file '../build/simulation_pkg/simulation_pkg.egg-info/SOURCES.txt'
[0.614s] writing manifest file '../build/simulation_pkg/simulation_pkg.egg-info/SOURCES.txt'
[0.614s] running build
[0.614s] running build_py
[0.614s] running install
[0.614s] running install_lib
[0.615s] running install_data
[0.615s] running install_egg_info
[0.616s] removing '/home/atwork/caramelo_atwork/src/install/simulation_pkg/lib/python3.10/site-packages/simulation_pkg-0.0.0-py3.10.egg-info' (and everything under it)
[0.616s] Copying ../build/simulation_pkg/simulation_pkg.egg-info to /home/atwork/caramelo_atwork/src/install/simulation_pkg/lib/python3.10/site-packages/simulation_pkg-0.0.0-py3.10.egg-info
[0.617s] running install_scripts
[0.628s] writing list of installed files to '/home/atwork/caramelo_atwork/src/build/simulation_pkg/install.log'
[0.644s] Invoked command in '/home/atwork/caramelo_atwork/src/simulation_pkg' returned '0': PYTHONPATH=/home/atwork/caramelo_atwork/src/build/simulation_pkg/prefix_override:/usr/lib/python3/dist-packages/colcon_core/task/python/colcon_distutils_commands:/home/atwork/caramelo_atwork/src/install/simulation_pkg/lib/python3.10/site-packages:${PYTHONPATH} /usr/bin/python3 -W ignore:setup.py install is deprecated setup.py egg_info --egg-base ../build/simulation_pkg build --build-base /home/atwork/caramelo_atwork/src/build/simulation_pkg/build install --record /home/atwork/caramelo_atwork/src/build/simulation_pkg/install.log --single-version-externally-managed install_data
