[0.012s] Invoking command in '/home/atwork/caramelo_atwork/src/build/caramelo_one': CMAKE_PREFIX_PATH=${CMAKE_PREFIX_PATH}:/opt/ros/humble /home/atwork/.local/bin/cmake /home/atwork/caramelo_atwork/src/caramelo_one -DCMAKE_INSTALL_PREFIX=/home/atwork/caramelo_atwork/src/install/caramelo_one
[0.225s] -- The C compiler identification is GNU 11.4.0
[0.231s] -- The CXX compiler identification is GNU 11.4.0
[0.244s] -- Detecting C compiler ABI info
[0.316s] -- Detecting C compiler ABI info - done
[0.359s] -- Check for working C compiler: /usr/bin/cc - skipped
[0.361s] -- Detecting C compile features
[0.362s] -- Detecting C compile features - done
[0.373s] -- Detecting CXX compiler ABI info
[0.446s] -- Detecting CXX compiler ABI info - done
[0.456s] -- Check for working CXX compiler: /usr/bin/c++ - skipped
[0.456s] -- Detecting CXX compile features
[0.457s] -- Detecting CXX compile features - done
[0.459s] -- Found ament_cmake: 1.3.10 (/opt/ros/humble/share/ament_cmake/cmake)
[0.730s] -- Found Python3: /usr/bin/python3 (found version "3.10.12") found components: Interpreter
[0.855s] -- Found ament_lint_auto: 0.12.11 (/opt/ros/humble/share/ament_lint_auto/cmake)
[0.906s] -- Added test 'copyright' to check source files copyright and LICENSE
[0.909s] -- Added test 'flake8' to check Python code syntax and style conventions
[0.910s] -- Added test 'lint_cmake' to check CMake code style
[0.910s] -- Added test 'pep257' to check Python code against some of the docstring style conventions in PEP 257
[0.912s] -- Added test 'xmllint' to check XML markup files
[0.913s] -- Configuring done (0.8s)
[0.915s] -- Generating done (0.0s)
[0.915s] -- Build files have been written to: /home/atwork/caramelo_atwork/src/build/caramelo_one
[0.924s] Invoked command in '/home/atwork/caramelo_atwork/src/build/caramelo_one' returned '0': CMAKE_PREFIX_PATH=${CMAKE_PREFIX_PATH}:/opt/ros/humble /home/atwork/.local/bin/cmake /home/atwork/caramelo_atwork/src/caramelo_one -DCMAKE_INSTALL_PREFIX=/home/atwork/caramelo_atwork/src/install/caramelo_one
[0.925s] Invoking command in '/home/atwork/caramelo_atwork/src/build/caramelo_one': CMAKE_PREFIX_PATH=${CMAKE_PREFIX_PATH}:/opt/ros/humble /home/atwork/.local/bin/cmake --build /home/atwork/caramelo_atwork/src/build/caramelo_one -- -j20 -l20
[0.982s] Invoked command in '/home/atwork/caramelo_atwork/src/build/caramelo_one' returned '0': CMAKE_PREFIX_PATH=${CMAKE_PREFIX_PATH}:/opt/ros/humble /home/atwork/.local/bin/cmake --build /home/atwork/caramelo_atwork/src/build/caramelo_one -- -j20 -l20
[1.061s] Invoking command in '/home/atwork/caramelo_atwork/src/build/caramelo_one': CMAKE_PREFIX_PATH=${CMAKE_PREFIX_PATH}:/opt/ros/humble /home/atwork/.local/bin/cmake --install /home/atwork/caramelo_atwork/src/build/caramelo_one
[1.218s] -- Install configuration: ""
[1.218s] -- Installing: /home/atwork/caramelo_atwork/src/install/caramelo_one/share/caramelo_one/config
[1.218s] -- Installing: /home/atwork/caramelo_atwork/src/install/caramelo_one/share/caramelo_one/config/view_robot.rviz
[1.219s] -- Installing: /home/atwork/caramelo_atwork/src/install/caramelo_one/share/caramelo_one/config/empty.yaml
[1.219s] -- Installing: /home/atwork/caramelo_atwork/src/install/caramelo_one/share/caramelo_one/description
[1.219s] -- Installing: /home/atwork/caramelo_atwork/src/install/caramelo_one/share/caramelo_one/description/inertial_macros.xacro
[1.219s] -- Installing: /home/atwork/caramelo_atwork/src/install/caramelo_one/share/caramelo_one/description/camera.xacro
[1.219s] -- Installing: /home/atwork/caramelo_atwork/src/install/caramelo_one/share/caramelo_one/description/robot_core.xacro
[1.219s] -- Installing: /home/atwork/caramelo_atwork/src/install/caramelo_one/share/caramelo_one/description/laser.xacro
[1.219s] -- Installing: /home/atwork/caramelo_atwork/src/install/caramelo_one/share/caramelo_one/description/gazebo_control.xacro
[1.219s] -- Installing: /home/atwork/caramelo_atwork/src/install/caramelo_one/share/caramelo_one/description/robot.urdf.xacro
[1.219s] -- Installing: /home/atwork/caramelo_atwork/src/install/caramelo_one/share/caramelo_one/launch
[1.219s] -- Installing: /home/atwork/caramelo_atwork/src/install/caramelo_one/share/caramelo_one/launch/launch_sim.launch.py
[1.219s] -- Installing: /home/atwork/caramelo_atwork/src/install/caramelo_one/share/caramelo_one/launch/rplidar.launch.py
[1.219s] -- Installing: /home/atwork/caramelo_atwork/src/install/caramelo_one/share/caramelo_one/launch/camera.launch..py
[1.220s] -- Installing: /home/atwork/caramelo_atwork/src/install/caramelo_one/share/caramelo_one/launch/rsp.launch.py
[1.220s] -- Installing: /home/atwork/caramelo_atwork/src/install/caramelo_one/share/caramelo_one/worlds
[1.220s] -- Installing: /home/atwork/caramelo_atwork/src/install/caramelo_one/share/caramelo_one/worlds/empty.world
[1.220s] -- Installing: /home/atwork/caramelo_atwork/src/install/caramelo_one/share/caramelo_one/worlds/obstacles
[1.220s] -- Installing: /home/atwork/caramelo_atwork/src/install/caramelo_one/share/caramelo_one/worlds/simple_room_with_fixed_boxes.world
[1.220s] -- Installing: /home/atwork/caramelo_atwork/src/install/caramelo_one/share/ament_index/resource_index/package_run_dependencies/caramelo_one
[1.220s] -- Installing: /home/atwork/caramelo_atwork/src/install/caramelo_one/share/ament_index/resource_index/parent_prefix_path/caramelo_one
[1.220s] -- Installing: /home/atwork/caramelo_atwork/src/install/caramelo_one/share/caramelo_one/environment/ament_prefix_path.sh
[1.220s] -- Installing: /home/atwork/caramelo_atwork/src/install/caramelo_one/share/caramelo_one/environment/ament_prefix_path.dsv
[1.220s] -- Installing: /home/atwork/caramelo_atwork/src/install/caramelo_one/share/caramelo_one/environment/path.sh
[1.220s] -- Installing: /home/atwork/caramelo_atwork/src/install/caramelo_one/share/caramelo_one/environment/path.dsv
[1.220s] -- Installing: /home/atwork/caramelo_atwork/src/install/caramelo_one/share/caramelo_one/local_setup.bash
[1.220s] -- Installing: /home/atwork/caramelo_atwork/src/install/caramelo_one/share/caramelo_one/local_setup.sh
[1.220s] -- Installing: /home/atwork/caramelo_atwork/src/install/caramelo_one/share/caramelo_one/local_setup.zsh
[1.220s] -- Installing: /home/atwork/caramelo_atwork/src/install/caramelo_one/share/caramelo_one/local_setup.dsv
[1.220s] -- Installing: /home/atwork/caramelo_atwork/src/install/caramelo_one/share/caramelo_one/package.dsv
[1.221s] -- Installing: /home/atwork/caramelo_atwork/src/install/caramelo_one/share/ament_index/resource_index/packages/caramelo_one
[1.221s] -- Installing: /home/atwork/caramelo_atwork/src/install/caramelo_one/share/caramelo_one/cmake/caramelo_oneConfig.cmake
[1.221s] -- Installing: /home/atwork/caramelo_atwork/src/install/caramelo_one/share/caramelo_one/cmake/caramelo_oneConfig-version.cmake
[1.221s] -- Installing: /home/atwork/caramelo_atwork/src/install/caramelo_one/share/caramelo_one/package.xml
[1.237s] Invoked command in '/home/atwork/caramelo_atwork/src/build/caramelo_one' returned '0': CMAKE_PREFIX_PATH=${CMAKE_PREFIX_PATH}:/opt/ros/humble /home/atwork/.local/bin/cmake --install /home/atwork/caramelo_atwork/src/build/caramelo_one
