[0.531s] Invoking command in '/home/atwork/caramelo_atwork/src/navegacao_pkg': PYTHONPATH=/home/atwork/caramelo_atwork/src/build/navegacao_pkg/prefix_override:/usr/lib/python3/dist-packages/colcon_core/task/python/colcon_distutils_commands:/home/atwork/caramelo_atwork/src/install/navegacao_pkg/lib/python3.10/site-packages:${PYTHONPATH} /usr/bin/python3 -W ignore:setup.py install is deprecated setup.py egg_info --egg-base ../build/navegacao_pkg build --build-base /home/atwork/caramelo_atwork/src/build/navegacao_pkg/build install --record /home/atwork/caramelo_atwork/src/build/navegacao_pkg/install.log --single-version-externally-managed install_data
[0.641s] running egg_info
[0.641s] creating ../build/navegacao_pkg/navegacao_pkg.egg-info
[0.641s] writing ../build/navegacao_pkg/navegacao_pkg.egg-info/PKG-INFO
[0.642s] writing dependency_links to ../build/navegacao_pkg/navegacao_pkg.egg-info/dependency_links.txt
[0.642s] writing entry points to ../build/navegacao_pkg/navegacao_pkg.egg-info/entry_points.txt
[0.642s] writing requirements to ../build/navegacao_pkg/navegacao_pkg.egg-info/requires.txt
[0.642s] writing top-level names to ../build/navegacao_pkg/navegacao_pkg.egg-info/top_level.txt
[0.642s] writing manifest file '../build/navegacao_pkg/navegacao_pkg.egg-info/SOURCES.txt'
[0.642s] reading manifest file '../build/navegacao_pkg/navegacao_pkg.egg-info/SOURCES.txt'
[0.642s] writing manifest file '../build/navegacao_pkg/navegacao_pkg.egg-info/SOURCES.txt'
[0.642s] running build
[0.642s] running build_py
[0.643s] creating /home/atwork/caramelo_atwork/src/build/navegacao_pkg/build
[0.643s] creating /home/atwork/caramelo_atwork/src/build/navegacao_pkg/build/lib
[0.643s] creating /home/atwork/caramelo_atwork/src/build/navegacao_pkg/build/lib/navegacao_pkg
[0.643s] copying navegacao_pkg/__init__.py -> /home/atwork/caramelo_atwork/src/build/navegacao_pkg/build/lib/navegacao_pkg
[0.643s] running install
[0.643s] running install_lib
[0.643s] creating /home/atwork/caramelo_atwork/src/install/navegacao_pkg/lib/python3.10/site-packages/navegacao_pkg
[0.643s] copying /home/atwork/caramelo_atwork/src/build/navegacao_pkg/build/lib/navegacao_pkg/__init__.py -> /home/atwork/caramelo_atwork/src/install/navegacao_pkg/lib/python3.10/site-packages/navegacao_pkg
[0.643s] byte-compiling /home/atwork/caramelo_atwork/src/install/navegacao_pkg/lib/python3.10/site-packages/navegacao_pkg/__init__.py to __init__.cpython-310.pyc
[0.643s] running install_data
[0.644s] creating /home/atwork/caramelo_atwork/src/install/navegacao_pkg/share/ament_index
[0.644s] creating /home/atwork/caramelo_atwork/src/install/navegacao_pkg/share/ament_index/resource_index
[0.644s] creating /home/atwork/caramelo_atwork/src/install/navegacao_pkg/share/ament_index/resource_index/packages
[0.644s] copying resource/navegacao_pkg -> /home/atwork/caramelo_atwork/src/install/navegacao_pkg/share/ament_index/resource_index/packages
[0.644s] copying package.xml -> /home/atwork/caramelo_atwork/src/install/navegacao_pkg/share/navegacao_pkg
[0.644s] running install_egg_info
[0.644s] Copying ../build/navegacao_pkg/navegacao_pkg.egg-info to /home/atwork/caramelo_atwork/src/install/navegacao_pkg/lib/python3.10/site-packages/navegacao_pkg-0.0.0-py3.10.egg-info
[0.645s] running install_scripts
[0.656s] writing list of installed files to '/home/atwork/caramelo_atwork/src/build/navegacao_pkg/install.log'
[0.672s] Invoked command in '/home/atwork/caramelo_atwork/src/navegacao_pkg' returned '0': PYTHONPATH=/home/atwork/caramelo_atwork/src/build/navegacao_pkg/prefix_override:/usr/lib/python3/dist-packages/colcon_core/task/python/colcon_distutils_commands:/home/atwork/caramelo_atwork/src/install/navegacao_pkg/lib/python3.10/site-packages:${PYTHONPATH} /usr/bin/python3 -W ignore:setup.py install is deprecated setup.py egg_info --egg-base ../build/navegacao_pkg build --build-base /home/atwork/caramelo_atwork/src/build/navegacao_pkg/build install --record /home/atwork/caramelo_atwork/src/build/navegacao_pkg/install.log --single-version-externally-managed install_data
