[0.076s] DEBUG:colcon:Command line arguments: ['/usr/bin/colcon', 'build']
[0.076s] DEBUG:colcon:Parsed command line arguments: Namespace(log_base=None, log_level=None, verb_name='build', build_base='build', install_base='install', merge_install=False, symlink_install=False, test_result_base=None, continue_on_error=False, executor='parallel', parallel_workers=20, event_handlers=None, ignore_user_meta=False, metas=['./colcon.meta'], base_paths=['.'], packages_ignore=None, packages_ignore_regex=None, paths=None, packages_up_to=None, packages_up_to_regex=None, packages_above=None, packages_above_and_dependencies=None, packages_above_depth=None, packages_select_by_dep=None, packages_skip_by_dep=None, packages_skip_up_to=None, packages_select_build_failed=False, packages_skip_build_finished=False, packages_select_test_failures=False, packages_skip_test_passed=False, packages_select=None, packages_skip=None, packages_select_regex=None, packages_skip_regex=None, packages_start=None, packages_end=None, allow_overriding=[], cmake_args=None, cmake_target=None, cmake_target_skip_unavailable=False, cmake_clean_cache=False, cmake_clean_first=False, cmake_force_configure=False, ament_cmake_args=None, catkin_cmake_args=None, catkin_skip_building_tests=False, verb_parser=<colcon_defaults.argument_parser.defaults.DefaultArgumentsDecorator object at 0x7fe743e453c0>, verb_extension=<colcon_core.verb.build.BuildVerb object at 0x7fe743e44df0>, main=<bound method BuildVerb.main of <colcon_core.verb.build.BuildVerb object at 0x7fe743e44df0>>)
[0.152s] Level 1:colcon.colcon_core.package_discovery:discover_packages(colcon_meta) check parameters
[0.152s] Level 1:colcon.colcon_core.package_discovery:discover_packages(recursive) check parameters
[0.152s] Level 1:colcon.colcon_core.package_discovery:discover_packages(ignore) check parameters
[0.152s] Level 1:colcon.colcon_core.package_discovery:discover_packages(path) check parameters
[0.152s] Level 1:colcon.colcon_core.package_discovery:discover_packages(colcon_meta) discover
[0.152s] Level 1:colcon.colcon_core.package_discovery:discover_packages(recursive) discover
[0.152s] INFO:colcon.colcon_core.package_discovery:Crawling recursively for packages in '/home/atwork/caramelo_atwork/src'
[0.152s] Level 1:colcon.colcon_core.package_identification:_identify(.) by extensions ['ignore', 'ignore_ament_install']
[0.152s] Level 1:colcon.colcon_core.package_identification:_identify(.) by extension 'ignore'
[0.152s] Level 1:colcon.colcon_core.package_identification:_identify(.) by extension 'ignore_ament_install'
[0.152s] Level 1:colcon.colcon_core.package_identification:_identify(.) by extensions ['colcon_pkg']
[0.152s] Level 1:colcon.colcon_core.package_identification:_identify(.) by extension 'colcon_pkg'
[0.152s] Level 1:colcon.colcon_core.package_identification:_identify(.) by extensions ['colcon_meta']
[0.152s] Level 1:colcon.colcon_core.package_identification:_identify(.) by extension 'colcon_meta'
[0.152s] Level 1:colcon.colcon_core.package_identification:_identify(.) by extensions ['ros']
[0.152s] Level 1:colcon.colcon_core.package_identification:_identify(.) by extension 'ros'
[0.158s] Level 1:colcon.colcon_core.package_identification:_identify(.) by extensions ['cmake', 'python']
[0.158s] Level 1:colcon.colcon_core.package_identification:_identify(.) by extension 'cmake'
[0.158s] Level 1:colcon.colcon_core.package_identification:_identify(.) by extension 'python'
[0.158s] Level 1:colcon.colcon_core.package_identification:_identify(.) by extensions ['python_setup_py']
[0.158s] Level 1:colcon.colcon_core.package_identification:_identify(.) by extension 'python_setup_py'
[0.158s] Level 1:colcon.colcon_core.package_identification:_identify(build) by extensions ['ignore', 'ignore_ament_install']
[0.158s] Level 1:colcon.colcon_core.package_identification:_identify(build) by extension 'ignore'
[0.158s] Level 1:colcon.colcon_core.package_identification:_identify(build) ignored
[0.158s] Level 1:colcon.colcon_core.package_identification:_identify(caramelo_one) by extensions ['ignore', 'ignore_ament_install']
[0.158s] Level 1:colcon.colcon_core.package_identification:_identify(caramelo_one) by extension 'ignore'
[0.158s] Level 1:colcon.colcon_core.package_identification:_identify(caramelo_one) by extension 'ignore_ament_install'
[0.158s] Level 1:colcon.colcon_core.package_identification:_identify(caramelo_one) by extensions ['colcon_pkg']
[0.159s] Level 1:colcon.colcon_core.package_identification:_identify(caramelo_one) by extension 'colcon_pkg'
[0.159s] Level 1:colcon.colcon_core.package_identification:_identify(caramelo_one) by extensions ['colcon_meta']
[0.159s] Level 1:colcon.colcon_core.package_identification:_identify(caramelo_one) by extension 'colcon_meta'
[0.159s] Level 1:colcon.colcon_core.package_identification:_identify(caramelo_one) by extensions ['ros']
[0.159s] Level 1:colcon.colcon_core.package_identification:_identify(caramelo_one) by extension 'ros'
[0.160s] DEBUG:colcon.colcon_core.package_identification:Package 'caramelo_one' with type 'ros.ament_cmake' and name 'caramelo_one'
[0.160s] Level 1:colcon.colcon_core.package_identification:_identify(install) by extensions ['ignore', 'ignore_ament_install']
[0.160s] Level 1:colcon.colcon_core.package_identification:_identify(install) by extension 'ignore'
[0.160s] Level 1:colcon.colcon_core.package_identification:_identify(install) ignored
[0.160s] Level 1:colcon.colcon_core.package_identification:_identify(log) by extensions ['ignore', 'ignore_ament_install']
[0.160s] Level 1:colcon.colcon_core.package_identification:_identify(log) by extension 'ignore'
[0.160s] Level 1:colcon.colcon_core.package_identification:_identify(log) ignored
[0.160s] Level 1:colcon.colcon_core.package_identification:_identify(navegacao_pkg) by extensions ['ignore', 'ignore_ament_install']
[0.160s] Level 1:colcon.colcon_core.package_identification:_identify(navegacao_pkg) by extension 'ignore'
[0.160s] Level 1:colcon.colcon_core.package_identification:_identify(navegacao_pkg) by extension 'ignore_ament_install'
[0.160s] Level 1:colcon.colcon_core.package_identification:_identify(navegacao_pkg) by extensions ['colcon_pkg']
[0.160s] Level 1:colcon.colcon_core.package_identification:_identify(navegacao_pkg) by extension 'colcon_pkg'
[0.160s] Level 1:colcon.colcon_core.package_identification:_identify(navegacao_pkg) by extensions ['colcon_meta']
[0.160s] Level 1:colcon.colcon_core.package_identification:_identify(navegacao_pkg) by extension 'colcon_meta'
[0.160s] Level 1:colcon.colcon_core.package_identification:_identify(navegacao_pkg) by extensions ['ros']
[0.160s] Level 1:colcon.colcon_core.package_identification:_identify(navegacao_pkg) by extension 'ros'
[0.161s] DEBUG:colcon.colcon_core.package_identification:Package 'navegacao_pkg' with type 'ros.ament_python' and name 'navegacao_pkg'
[0.161s] Level 1:colcon.colcon_core.package_discovery:discover_packages(recursive) using defaults
[0.161s] Level 1:colcon.colcon_core.package_discovery:discover_packages(ignore) discover
[0.161s] Level 1:colcon.colcon_core.package_discovery:discover_packages(ignore) using defaults
[0.161s] Level 1:colcon.colcon_core.package_discovery:discover_packages(path) discover
[0.161s] Level 1:colcon.colcon_core.package_discovery:discover_packages(path) using defaults
[0.176s] Level 1:colcon.colcon_core.package_discovery:discover_packages(prefix_path) check parameters
[0.176s] Level 1:colcon.colcon_core.package_discovery:discover_packages(prefix_path) discover
[0.176s] WARNING:colcon.colcon_ros.prefix_path.ament:The path '/home/atwork/caramelo_atwork/src/install/sllidar_ros2' in the environment variable AMENT_PREFIX_PATH doesn't exist
[0.176s] WARNING:colcon.colcon_ros.prefix_path.ament:The path '/home/atwork/caramelo_atwork/src/install/simulation_pkg' in the environment variable AMENT_PREFIX_PATH doesn't exist
[0.176s] WARNING:colcon.colcon_ros.prefix_path.catkin:The path '/home/atwork/caramelo_atwork/src/install/sllidar_ros2' in the environment variable CMAKE_PREFIX_PATH doesn't exist
[0.177s] DEBUG:colcon.colcon_installed_package_information.package_discovery:Found 2 installed packages in /home/atwork/caramelo_atwork/src/install
[0.177s] DEBUG:colcon.colcon_installed_package_information.package_discovery:Found 2 installed packages in /home/atwork/ros2_ws/install
[0.177s] DEBUG:colcon.colcon_installed_package_information.package_discovery:Found 336 installed packages in /opt/ros/humble
[0.178s] Level 1:colcon.colcon_core.package_discovery:discover_packages(prefix_path) using defaults
[0.198s] Level 5:colcon.colcon_core.verb:set package 'caramelo_one' build argument 'cmake_args' from command line to 'None'
[0.198s] Level 5:colcon.colcon_core.verb:set package 'caramelo_one' build argument 'cmake_target' from command line to 'None'
[0.198s] Level 5:colcon.colcon_core.verb:set package 'caramelo_one' build argument 'cmake_target_skip_unavailable' from command line to 'False'
[0.198s] Level 5:colcon.colcon_core.verb:set package 'caramelo_one' build argument 'cmake_clean_cache' from command line to 'False'
[0.198s] Level 5:colcon.colcon_core.verb:set package 'caramelo_one' build argument 'cmake_clean_first' from command line to 'False'
[0.198s] Level 5:colcon.colcon_core.verb:set package 'caramelo_one' build argument 'cmake_force_configure' from command line to 'False'
[0.198s] Level 5:colcon.colcon_core.verb:set package 'caramelo_one' build argument 'ament_cmake_args' from command line to 'None'
[0.198s] Level 5:colcon.colcon_core.verb:set package 'caramelo_one' build argument 'catkin_cmake_args' from command line to 'None'
[0.198s] Level 5:colcon.colcon_core.verb:set package 'caramelo_one' build argument 'catkin_skip_building_tests' from command line to 'False'
[0.198s] DEBUG:colcon.colcon_core.verb:Building package 'caramelo_one' with the following arguments: {'ament_cmake_args': None, 'build_base': '/home/atwork/caramelo_atwork/src/build/caramelo_one', 'catkin_cmake_args': None, 'catkin_skip_building_tests': False, 'cmake_args': None, 'cmake_clean_cache': False, 'cmake_clean_first': False, 'cmake_force_configure': False, 'cmake_target': None, 'cmake_target_skip_unavailable': False, 'install_base': '/home/atwork/caramelo_atwork/src/install/caramelo_one', 'merge_install': False, 'path': '/home/atwork/caramelo_atwork/src/caramelo_one', 'symlink_install': False, 'test_result_base': None}
[0.199s] Level 5:colcon.colcon_core.verb:set package 'navegacao_pkg' build argument 'cmake_args' from command line to 'None'
[0.199s] Level 5:colcon.colcon_core.verb:set package 'navegacao_pkg' build argument 'cmake_target' from command line to 'None'
[0.199s] Level 5:colcon.colcon_core.verb:set package 'navegacao_pkg' build argument 'cmake_target_skip_unavailable' from command line to 'False'
[0.199s] Level 5:colcon.colcon_core.verb:set package 'navegacao_pkg' build argument 'cmake_clean_cache' from command line to 'False'
[0.199s] Level 5:colcon.colcon_core.verb:set package 'navegacao_pkg' build argument 'cmake_clean_first' from command line to 'False'
[0.199s] Level 5:colcon.colcon_core.verb:set package 'navegacao_pkg' build argument 'cmake_force_configure' from command line to 'False'
[0.199s] Level 5:colcon.colcon_core.verb:set package 'navegacao_pkg' build argument 'ament_cmake_args' from command line to 'None'
[0.199s] Level 5:colcon.colcon_core.verb:set package 'navegacao_pkg' build argument 'catkin_cmake_args' from command line to 'None'
[0.199s] Level 5:colcon.colcon_core.verb:set package 'navegacao_pkg' build argument 'catkin_skip_building_tests' from command line to 'False'
[0.199s] DEBUG:colcon.colcon_core.verb:Building package 'navegacao_pkg' with the following arguments: {'ament_cmake_args': None, 'build_base': '/home/atwork/caramelo_atwork/src/build/navegacao_pkg', 'catkin_cmake_args': None, 'catkin_skip_building_tests': False, 'cmake_args': None, 'cmake_clean_cache': False, 'cmake_clean_first': False, 'cmake_force_configure': False, 'cmake_target': None, 'cmake_target_skip_unavailable': False, 'install_base': '/home/atwork/caramelo_atwork/src/install/navegacao_pkg', 'merge_install': False, 'path': '/home/atwork/caramelo_atwork/src/navegacao_pkg', 'symlink_install': False, 'test_result_base': None}
[0.199s] INFO:colcon.colcon_core.executor:Executing jobs using 'parallel' executor
[0.199s] DEBUG:colcon.colcon_parallel_executor.executor.parallel:run_until_complete
[0.199s] INFO:colcon.colcon_ros.task.ament_cmake.build:Building ROS package in '/home/atwork/caramelo_atwork/src/caramelo_one' with build type 'ament_cmake'
[0.199s] INFO:colcon.colcon_cmake.task.cmake.build:Building CMake package in '/home/atwork/caramelo_atwork/src/caramelo_one'
[0.201s] INFO:colcon.colcon_core.plugin_system:Skipping extension 'colcon_core.shell.bat': Not used on non-Windows systems
[0.201s] INFO:colcon.colcon_core.shell:Skip shell extension 'powershell' for command environment: Not usable outside of PowerShell
[0.201s] DEBUG:colcon.colcon_core.shell:Skip shell extension 'dsv' for command environment
[0.203s] INFO:colcon.colcon_ros.task.ament_python.build:Building ROS package in '/home/atwork/caramelo_atwork/src/navegacao_pkg' with build type 'ament_python'
[0.203s] Level 1:colcon.colcon_core.shell:create_environment_hook('navegacao_pkg', 'ament_prefix_path')
[0.203s] INFO:colcon.colcon_core.shell:Creating environment hook '/home/atwork/caramelo_atwork/src/install/navegacao_pkg/share/navegacao_pkg/hook/ament_prefix_path.ps1'
[0.203s] INFO:colcon.colcon_core.shell:Creating environment descriptor '/home/atwork/caramelo_atwork/src/install/navegacao_pkg/share/navegacao_pkg/hook/ament_prefix_path.dsv'
[0.203s] INFO:colcon.colcon_core.shell:Creating environment hook '/home/atwork/caramelo_atwork/src/install/navegacao_pkg/share/navegacao_pkg/hook/ament_prefix_path.sh'
[0.204s] INFO:colcon.colcon_core.shell:Skip shell extension 'powershell' for command environment: Not usable outside of PowerShell
[0.204s] DEBUG:colcon.colcon_core.shell:Skip shell extension 'dsv' for command environment
[0.209s] DEBUG:colcon.colcon_core.event_handler.log_command:Invoking command in '/home/atwork/caramelo_atwork/src/build/caramelo_one': CMAKE_PREFIX_PATH=${CMAKE_PREFIX_PATH}:/home/atwork/caramelo_atwork/src/install/simulation_pkg:/home/atwork/caramelo_atwork/src/install/navegacao_pkg:/opt/ros/humble /home/atwork/.local/bin/cmake --build /home/atwork/caramelo_atwork/src/build/caramelo_one -- -j20 -l20
[0.438s] INFO:colcon.colcon_core.task.python.build:Building Python package in '/home/atwork/caramelo_atwork/src/navegacao_pkg'
[0.438s] INFO:colcon.colcon_core.shell:Skip shell extension 'powershell' for command environment: Not usable outside of PowerShell
[0.438s] DEBUG:colcon.colcon_core.shell:Skip shell extension 'dsv' for command environment
[0.442s] DEBUG:colcon.colcon_core.event_handler.log_command:Invoked command in '/home/atwork/caramelo_atwork/src/build/caramelo_one' returned '0': CMAKE_PREFIX_PATH=${CMAKE_PREFIX_PATH}:/home/atwork/caramelo_atwork/src/install/simulation_pkg:/home/atwork/caramelo_atwork/src/install/navegacao_pkg:/opt/ros/humble /home/atwork/.local/bin/cmake --build /home/atwork/caramelo_atwork/src/build/caramelo_one -- -j20 -l20
[0.750s] DEBUG:colcon.colcon_core.event_handler.log_command:Invoking command in '/home/atwork/caramelo_atwork/src/build/caramelo_one': CMAKE_PREFIX_PATH=${CMAKE_PREFIX_PATH}:/home/atwork/caramelo_atwork/src/install/simulation_pkg:/home/atwork/caramelo_atwork/src/install/navegacao_pkg:/opt/ros/humble /home/atwork/.local/bin/cmake --install /home/atwork/caramelo_atwork/src/build/caramelo_one
[0.811s] Level 1:colcon.colcon_core.environment:create_environment_scripts_only(caramelo_one)
[0.812s] DEBUG:colcon.colcon_core.event_handler.log_command:Invoked command in '/home/atwork/caramelo_atwork/src/build/caramelo_one' returned '0': CMAKE_PREFIX_PATH=${CMAKE_PREFIX_PATH}:/home/atwork/caramelo_atwork/src/install/simulation_pkg:/home/atwork/caramelo_atwork/src/install/navegacao_pkg:/opt/ros/humble /home/atwork/.local/bin/cmake --install /home/atwork/caramelo_atwork/src/build/caramelo_one
[0.814s] Level 1:colcon.colcon_core.environment:checking '/home/atwork/caramelo_atwork/src/install/caramelo_one' for CMake module files
[0.814s] Level 1:colcon.colcon_core.environment:checking '/home/atwork/caramelo_atwork/src/install/caramelo_one' for CMake config files
[0.815s] Level 1:colcon.colcon_core.shell:create_environment_hook('caramelo_one', 'cmake_prefix_path')
[0.815s] INFO:colcon.colcon_core.shell:Creating environment hook '/home/atwork/caramelo_atwork/src/install/caramelo_one/share/caramelo_one/hook/cmake_prefix_path.ps1'
[0.815s] INFO:colcon.colcon_core.shell:Creating environment descriptor '/home/atwork/caramelo_atwork/src/install/caramelo_one/share/caramelo_one/hook/cmake_prefix_path.dsv'
[0.816s] INFO:colcon.colcon_core.shell:Creating environment hook '/home/atwork/caramelo_atwork/src/install/caramelo_one/share/caramelo_one/hook/cmake_prefix_path.sh'
[0.816s] Level 1:colcon.colcon_core.environment:checking '/home/atwork/caramelo_atwork/src/install/caramelo_one/bin'
[0.816s] Level 1:colcon.colcon_core.environment:checking '/home/atwork/caramelo_atwork/src/install/caramelo_one/lib/pkgconfig/caramelo_one.pc'
[0.817s] Level 1:colcon.colcon_core.environment:checking '/home/atwork/caramelo_atwork/src/install/caramelo_one/lib/python3.10/site-packages'
[0.817s] Level 1:colcon.colcon_core.environment:checking '/home/atwork/caramelo_atwork/src/install/caramelo_one/bin'
[0.817s] INFO:colcon.colcon_core.shell:Creating package script '/home/atwork/caramelo_atwork/src/install/caramelo_one/share/caramelo_one/package.ps1'
[0.817s] INFO:colcon.colcon_core.shell:Creating package descriptor '/home/atwork/caramelo_atwork/src/install/caramelo_one/share/caramelo_one/package.dsv'
[0.818s] INFO:colcon.colcon_core.shell:Creating package script '/home/atwork/caramelo_atwork/src/install/caramelo_one/share/caramelo_one/package.sh'
[0.818s] INFO:colcon.colcon_core.shell:Creating package script '/home/atwork/caramelo_atwork/src/install/caramelo_one/share/caramelo_one/package.bash'
[0.818s] INFO:colcon.colcon_core.shell:Creating package script '/home/atwork/caramelo_atwork/src/install/caramelo_one/share/caramelo_one/package.zsh'
[0.819s] Level 1:colcon.colcon_core.environment:create_file_with_runtime_dependencies(/home/atwork/caramelo_atwork/src/install/caramelo_one/share/colcon-core/packages/caramelo_one)
[0.860s] DEBUG:colcon.colcon_core.event_handler.log_command:Invoking command in '/home/atwork/caramelo_atwork/src/navegacao_pkg': PYTHONPATH=/home/atwork/caramelo_atwork/src/build/navegacao_pkg/prefix_override:/usr/lib/python3/dist-packages/colcon_core/task/python/colcon_distutils_commands:/home/atwork/caramelo_atwork/src/install/navegacao_pkg/lib/python3.10/site-packages:${PYTHONPATH} /usr/bin/python3 -W ignore:setup.py install is deprecated setup.py egg_info --egg-base ../build/navegacao_pkg build --build-base /home/atwork/caramelo_atwork/src/build/navegacao_pkg/build install --record /home/atwork/caramelo_atwork/src/build/navegacao_pkg/install.log --single-version-externally-managed install_data
[0.896s] Level 1:colcon.colcon_core.environment:create_environment_scripts_only(caramelo_one)
[0.896s] Level 1:colcon.colcon_core.environment:checking '/home/atwork/caramelo_atwork/src/install/caramelo_one' for CMake module files
[0.897s] Level 1:colcon.colcon_core.environment:checking '/home/atwork/caramelo_atwork/src/install/caramelo_one' for CMake config files
[0.898s] Level 1:colcon.colcon_core.shell:create_environment_hook('caramelo_one', 'cmake_prefix_path')
[0.898s] INFO:colcon.colcon_core.shell:Creating environment hook '/home/atwork/caramelo_atwork/src/install/caramelo_one/share/caramelo_one/hook/cmake_prefix_path.ps1'
[0.899s] INFO:colcon.colcon_core.shell:Creating environment descriptor '/home/atwork/caramelo_atwork/src/install/caramelo_one/share/caramelo_one/hook/cmake_prefix_path.dsv'
[0.900s] INFO:colcon.colcon_core.shell:Creating environment hook '/home/atwork/caramelo_atwork/src/install/caramelo_one/share/caramelo_one/hook/cmake_prefix_path.sh'
[0.900s] Level 1:colcon.colcon_core.environment:checking '/home/atwork/caramelo_atwork/src/install/caramelo_one/bin'
[0.901s] Level 1:colcon.colcon_core.environment:checking '/home/atwork/caramelo_atwork/src/install/caramelo_one/lib/pkgconfig/caramelo_one.pc'
[0.901s] Level 1:colcon.colcon_core.environment:checking '/home/atwork/caramelo_atwork/src/install/caramelo_one/lib/python3.10/site-packages'
[0.901s] Level 1:colcon.colcon_core.environment:checking '/home/atwork/caramelo_atwork/src/install/caramelo_one/bin'
[0.902s] INFO:colcon.colcon_core.shell:Creating package script '/home/atwork/caramelo_atwork/src/install/caramelo_one/share/caramelo_one/package.ps1'
[0.903s] INFO:colcon.colcon_core.shell:Creating package descriptor '/home/atwork/caramelo_atwork/src/install/caramelo_one/share/caramelo_one/package.dsv'
[0.904s] INFO:colcon.colcon_core.shell:Creating package script '/home/atwork/caramelo_atwork/src/install/caramelo_one/share/caramelo_one/package.sh'
[0.904s] INFO:colcon.colcon_core.shell:Creating package script '/home/atwork/caramelo_atwork/src/install/caramelo_one/share/caramelo_one/package.bash'
[0.905s] INFO:colcon.colcon_core.shell:Creating package script '/home/atwork/caramelo_atwork/src/install/caramelo_one/share/caramelo_one/package.zsh'
[0.905s] Level 1:colcon.colcon_core.environment:create_file_with_runtime_dependencies(/home/atwork/caramelo_atwork/src/install/caramelo_one/share/colcon-core/packages/caramelo_one)
[1.182s] Level 1:colcon.colcon_core.environment:checking '/home/atwork/caramelo_atwork/src/install/navegacao_pkg' for CMake module files
[1.183s] Level 1:colcon.colcon_core.environment:checking '/home/atwork/caramelo_atwork/src/install/navegacao_pkg' for CMake config files
[1.183s] DEBUG:colcon.colcon_core.event_handler.log_command:Invoked command in '/home/atwork/caramelo_atwork/src/navegacao_pkg' returned '0': PYTHONPATH=/home/atwork/caramelo_atwork/src/build/navegacao_pkg/prefix_override:/usr/lib/python3/dist-packages/colcon_core/task/python/colcon_distutils_commands:/home/atwork/caramelo_atwork/src/install/navegacao_pkg/lib/python3.10/site-packages:${PYTHONPATH} /usr/bin/python3 -W ignore:setup.py install is deprecated setup.py egg_info --egg-base ../build/navegacao_pkg build --build-base /home/atwork/caramelo_atwork/src/build/navegacao_pkg/build install --record /home/atwork/caramelo_atwork/src/build/navegacao_pkg/install.log --single-version-externally-managed install_data
[1.183s] Level 1:colcon.colcon_core.environment:checking '/home/atwork/caramelo_atwork/src/install/navegacao_pkg/lib'
[1.183s] Level 1:colcon.colcon_core.environment:checking '/home/atwork/caramelo_atwork/src/install/navegacao_pkg/bin'
[1.183s] Level 1:colcon.colcon_core.environment:checking '/home/atwork/caramelo_atwork/src/install/navegacao_pkg/lib/pkgconfig/navegacao_pkg.pc'
[1.183s] Level 1:colcon.colcon_core.environment:checking '/home/atwork/caramelo_atwork/src/install/navegacao_pkg/lib/python3.10/site-packages'
[1.183s] Level 1:colcon.colcon_core.shell:create_environment_hook('navegacao_pkg', 'pythonpath')
[1.184s] INFO:colcon.colcon_core.shell:Creating environment hook '/home/atwork/caramelo_atwork/src/install/navegacao_pkg/share/navegacao_pkg/hook/pythonpath.ps1'
[1.184s] INFO:colcon.colcon_core.shell:Creating environment descriptor '/home/atwork/caramelo_atwork/src/install/navegacao_pkg/share/navegacao_pkg/hook/pythonpath.dsv'
[1.184s] INFO:colcon.colcon_core.shell:Creating environment hook '/home/atwork/caramelo_atwork/src/install/navegacao_pkg/share/navegacao_pkg/hook/pythonpath.sh'
[1.184s] Level 1:colcon.colcon_core.environment:checking '/home/atwork/caramelo_atwork/src/install/navegacao_pkg/bin'
[1.184s] Level 1:colcon.colcon_core.environment:create_environment_scripts_only(navegacao_pkg)
[1.185s] INFO:colcon.colcon_core.shell:Creating package script '/home/atwork/caramelo_atwork/src/install/navegacao_pkg/share/navegacao_pkg/package.ps1'
[1.185s] INFO:colcon.colcon_core.shell:Creating package descriptor '/home/atwork/caramelo_atwork/src/install/navegacao_pkg/share/navegacao_pkg/package.dsv'
[1.185s] INFO:colcon.colcon_core.shell:Creating package script '/home/atwork/caramelo_atwork/src/install/navegacao_pkg/share/navegacao_pkg/package.sh'
[1.185s] INFO:colcon.colcon_core.shell:Creating package script '/home/atwork/caramelo_atwork/src/install/navegacao_pkg/share/navegacao_pkg/package.bash'
[1.185s] INFO:colcon.colcon_core.shell:Creating package script '/home/atwork/caramelo_atwork/src/install/navegacao_pkg/share/navegacao_pkg/package.zsh'
[1.185s] Level 1:colcon.colcon_core.environment:create_file_with_runtime_dependencies(/home/atwork/caramelo_atwork/src/install/navegacao_pkg/share/colcon-core/packages/navegacao_pkg)
[1.186s] DEBUG:colcon.colcon_parallel_executor.executor.parallel:closing loop
[1.186s] DEBUG:colcon.colcon_parallel_executor.executor.parallel:loop closed
[1.186s] DEBUG:colcon.colcon_parallel_executor.executor.parallel:run_until_complete finished with '0'
[1.186s] DEBUG:colcon.colcon_core.event_reactor:joining thread
[1.189s] INFO:colcon.colcon_core.plugin_system:Skipping extension 'colcon_notification.desktop_notification.terminal_notifier': Not used on non-Darwin systems
[1.189s] INFO:colcon.colcon_core.plugin_system:Skipping extension 'colcon_notification.desktop_notification.win32': Not used on non-Windows systems
[1.189s] INFO:colcon.colcon_notification.desktop_notification:Sending desktop notification using 'notify2'
[1.195s] DEBUG:colcon.colcon_core.event_reactor:joined thread
[1.196s] INFO:colcon.colcon_core.shell:Creating prefix script '/home/atwork/caramelo_atwork/src/install/local_setup.ps1'
[1.196s] INFO:colcon.colcon_core.shell:Creating prefix util module '/home/atwork/caramelo_atwork/src/install/_local_setup_util_ps1.py'
[1.197s] INFO:colcon.colcon_core.shell:Creating prefix chain script '/home/atwork/caramelo_atwork/src/install/setup.ps1'
[1.198s] INFO:colcon.colcon_core.shell:Creating prefix script '/home/atwork/caramelo_atwork/src/install/local_setup.sh'
[1.198s] INFO:colcon.colcon_core.shell:Creating prefix util module '/home/atwork/caramelo_atwork/src/install/_local_setup_util_sh.py'
[1.198s] INFO:colcon.colcon_core.shell:Creating prefix chain script '/home/atwork/caramelo_atwork/src/install/setup.sh'
[1.199s] INFO:colcon.colcon_core.shell:Creating prefix script '/home/atwork/caramelo_atwork/src/install/local_setup.bash'
[1.199s] INFO:colcon.colcon_core.shell:Creating prefix chain script '/home/atwork/caramelo_atwork/src/install/setup.bash'
[1.200s] INFO:colcon.colcon_core.shell:Creating prefix script '/home/atwork/caramelo_atwork/src/install/local_setup.zsh'
[1.200s] INFO:colcon.colcon_core.shell:Creating prefix chain script '/home/atwork/caramelo_atwork/src/install/setup.zsh'
