running egg_info
creating ../build/simulation_pkg/simulation_pkg.egg-info
writing ../build/simulation_pkg/simulation_pkg.egg-info/PKG-INFO
writing dependency_links to ../build/simulation_pkg/simulation_pkg.egg-info/dependency_links.txt
writing entry points to ../build/simulation_pkg/simulation_pkg.egg-info/entry_points.txt
writing requirements to ../build/simulation_pkg/simulation_pkg.egg-info/requires.txt
writing top-level names to ../build/simulation_pkg/simulation_pkg.egg-info/top_level.txt
writing manifest file '../build/simulation_pkg/simulation_pkg.egg-info/SOURCES.txt'
reading manifest file '../build/simulation_pkg/simulation_pkg.egg-info/SOURCES.txt'
writing manifest file '../build/simulation_pkg/simulation_pkg.egg-info/SOURCES.txt'
running build
running build_py
creating /home/atwork/caramelo_atwork/src/build/simulation_pkg/build
creating /home/atwork/caramelo_atwork/src/build/simulation_pkg/build/lib
creating /home/atwork/caramelo_atwork/src/build/simulation_pkg/build/lib/simulation_pkg
copying simulation_pkg/__init__.py -> /home/atwork/caramelo_atwork/src/build/simulation_pkg/build/lib/simulation_pkg
running install
running install_lib
creating /home/atwork/caramelo_atwork/src/install/simulation_pkg/lib/python3.10/site-packages/simulation_pkg
copying /home/atwork/caramelo_atwork/src/build/simulation_pkg/build/lib/simulation_pkg/__init__.py -> /home/atwork/caramelo_atwork/src/install/simulation_pkg/lib/python3.10/site-packages/simulation_pkg
byte-compiling /home/atwork/caramelo_atwork/src/install/simulation_pkg/lib/python3.10/site-packages/simulation_pkg/__init__.py to __init__.cpython-310.pyc
running install_data
creating /home/atwork/caramelo_atwork/src/install/simulation_pkg/share/ament_index
creating /home/atwork/caramelo_atwork/src/install/simulation_pkg/share/ament_index/resource_index
creating /home/atwork/caramelo_atwork/src/install/simulation_pkg/share/ament_index/resource_index/packages
copying resource/simulation_pkg -> /home/atwork/caramelo_atwork/src/install/simulation_pkg/share/ament_index/resource_index/packages
copying package.xml -> /home/atwork/caramelo_atwork/src/install/simulation_pkg/share/simulation_pkg
running install_egg_info
Copying ../build/simulation_pkg/simulation_pkg.egg-info to /home/atwork/caramelo_atwork/src/install/simulation_pkg/lib/python3.10/site-packages/simulation_pkg-0.0.0-py3.10.egg-info
running install_scripts
writing list of installed files to '/home/atwork/caramelo_atwork/src/build/simulation_pkg/install.log'
