[0.528s] Invoking command in '/home/atwork/caramelo_atwork/src/simulation_pkg': PYTHONPATH=/home/atwork/caramelo_atwork/src/build/simulation_pkg/prefix_override:/usr/lib/python3/dist-packages/colcon_core/task/python/colcon_distutils_commands:/home/atwork/caramelo_atwork/src/install/simulation_pkg/lib/python3.10/site-packages:${PYTHONPATH} /usr/bin/python3 -W ignore:setup.py install is deprecated setup.py egg_info --egg-base ../build/simulation_pkg build --build-base /home/atwork/caramelo_atwork/src/build/simulation_pkg/build install --record /home/atwork/caramelo_atwork/src/build/simulation_pkg/install.log --single-version-externally-managed install_data
[0.634s] running egg_info
[0.634s] creating ../build/simulation_pkg/simulation_pkg.egg-info
[0.634s] writing ../build/simulation_pkg/simulation_pkg.egg-info/PKG-INFO
[0.634s] writing dependency_links to ../build/simulation_pkg/simulation_pkg.egg-info/dependency_links.txt
[0.634s] writing entry points to ../build/simulation_pkg/simulation_pkg.egg-info/entry_points.txt
[0.634s] writing requirements to ../build/simulation_pkg/simulation_pkg.egg-info/requires.txt
[0.635s] writing top-level names to ../build/simulation_pkg/simulation_pkg.egg-info/top_level.txt
[0.635s] writing manifest file '../build/simulation_pkg/simulation_pkg.egg-info/SOURCES.txt'
[0.635s] reading manifest file '../build/simulation_pkg/simulation_pkg.egg-info/SOURCES.txt'
[0.635s] writing manifest file '../build/simulation_pkg/simulation_pkg.egg-info/SOURCES.txt'
[0.635s] running build
[0.635s] running build_py
[0.636s] creating /home/atwork/caramelo_atwork/src/build/simulation_pkg/build
[0.636s] creating /home/atwork/caramelo_atwork/src/build/simulation_pkg/build/lib
[0.636s] creating /home/atwork/caramelo_atwork/src/build/simulation_pkg/build/lib/simulation_pkg
[0.636s] copying simulation_pkg/__init__.py -> /home/atwork/caramelo_atwork/src/build/simulation_pkg/build/lib/simulation_pkg
[0.636s] running install
[0.636s] running install_lib
[0.636s] creating /home/atwork/caramelo_atwork/src/install/simulation_pkg/lib/python3.10/site-packages/simulation_pkg
[0.636s] copying /home/atwork/caramelo_atwork/src/build/simulation_pkg/build/lib/simulation_pkg/__init__.py -> /home/atwork/caramelo_atwork/src/install/simulation_pkg/lib/python3.10/site-packages/simulation_pkg
[0.636s] byte-compiling /home/atwork/caramelo_atwork/src/install/simulation_pkg/lib/python3.10/site-packages/simulation_pkg/__init__.py to __init__.cpython-310.pyc
[0.636s] running install_data
[0.636s] creating /home/atwork/caramelo_atwork/src/install/simulation_pkg/share/ament_index
[0.636s] creating /home/atwork/caramelo_atwork/src/install/simulation_pkg/share/ament_index/resource_index
[0.637s] creating /home/atwork/caramelo_atwork/src/install/simulation_pkg/share/ament_index/resource_index/packages
[0.637s] copying resource/simulation_pkg -> /home/atwork/caramelo_atwork/src/install/simulation_pkg/share/ament_index/resource_index/packages
[0.637s] copying package.xml -> /home/atwork/caramelo_atwork/src/install/simulation_pkg/share/simulation_pkg
[0.637s] running install_egg_info
[0.637s] Copying ../build/simulation_pkg/simulation_pkg.egg-info to /home/atwork/caramelo_atwork/src/install/simulation_pkg/lib/python3.10/site-packages/simulation_pkg-0.0.0-py3.10.egg-info
[0.638s] running install_scripts
[0.649s] writing list of installed files to '/home/atwork/caramelo_atwork/src/build/simulation_pkg/install.log'
[0.672s] Invoked command in '/home/atwork/caramelo_atwork/src/simulation_pkg' returned '0': PYTHONPATH=/home/atwork/caramelo_atwork/src/build/simulation_pkg/prefix_override:/usr/lib/python3/dist-packages/colcon_core/task/python/colcon_distutils_commands:/home/atwork/caramelo_atwork/src/install/simulation_pkg/lib/python3.10/site-packages:${PYTHONPATH} /usr/bin/python3 -W ignore:setup.py install is deprecated setup.py egg_info --egg-base ../build/simulation_pkg build --build-base /home/atwork/caramelo_atwork/src/build/simulation_pkg/build install --record /home/atwork/caramelo_atwork/src/build/simulation_pkg/install.log --single-version-externally-managed install_data
