[0.008s] Invoking command in '/home/atwork/caramelo_atwork/src/build/caramelo_one': CMAKE_PREFIX_PATH=${CMAKE_PREFIX_PATH}:/home/atwork/caramelo_atwork/src/install/simulation_pkg:/home/atwork/caramelo_atwork/src/install/navegacao_pkg:/opt/ros/humble /home/atwork/.local/bin/cmake /home/atwork/caramelo_atwork/src/caramelo_one -DCMAKE_INSTALL_PREFIX=/home/atwork/caramelo_atwork/src/install/caramelo_one
[0.078s] -- Found ament_cmake: 1.3.10 (/opt/ros/humble/share/ament_cmake/cmake)
[0.291s] -- Override CMake install command with custom implementation using symlinks instead of copying resources
[0.307s] -- Found ament_lint_auto: 0.12.11 (/opt/ros/humble/share/ament_lint_auto/cmake)
[0.445s] -- Added test 'copyright' to check source files copyright and LICENSE
[0.449s] -- Added test 'flake8' to check Python code syntax and style conventions
[0.449s] -- Added test 'lint_cmake' to check CMake code style
[0.450s] -- Added test 'pep257' to check Python code against some of the docstring style conventions in PEP 257
[0.451s] -- Added test 'xmllint' to check XML markup files
[0.452s] -- Configuring done (0.4s)
[0.454s] -- Generating done (0.0s)
[0.454s] -- Build files have been written to: /home/atwork/caramelo_atwork/src/build/caramelo_one
[0.463s] Invoked command in '/home/atwork/caramelo_atwork/src/build/caramelo_one' returned '0': CMAKE_PREFIX_PATH=${CMAKE_PREFIX_PATH}:/home/atwork/caramelo_atwork/src/install/simulation_pkg:/home/atwork/caramelo_atwork/src/install/navegacao_pkg:/opt/ros/humble /home/atwork/.local/bin/cmake /home/atwork/caramelo_atwork/src/caramelo_one -DCMAKE_INSTALL_PREFIX=/home/atwork/caramelo_atwork/src/install/caramelo_one
[0.463s] Invoking command in '/home/atwork/caramelo_atwork/src/build/caramelo_one': CMAKE_PREFIX_PATH=${CMAKE_PREFIX_PATH}:/home/atwork/caramelo_atwork/src/install/simulation_pkg:/home/atwork/caramelo_atwork/src/install/navegacao_pkg:/opt/ros/humble /home/atwork/.local/bin/cmake --build /home/atwork/caramelo_atwork/src/build/caramelo_one -- -j20 -l20
[0.522s] Invoked command in '/home/atwork/caramelo_atwork/src/build/caramelo_one' returned '0': CMAKE_PREFIX_PATH=${CMAKE_PREFIX_PATH}:/home/atwork/caramelo_atwork/src/install/simulation_pkg:/home/atwork/caramelo_atwork/src/install/navegacao_pkg:/opt/ros/humble /home/atwork/.local/bin/cmake --build /home/atwork/caramelo_atwork/src/build/caramelo_one -- -j20 -l20
[0.702s] Invoking command in '/home/atwork/caramelo_atwork/src/build/caramelo_one': CMAKE_PREFIX_PATH=${CMAKE_PREFIX_PATH}:/home/atwork/caramelo_atwork/src/install/simulation_pkg:/home/atwork/caramelo_atwork/src/install/navegacao_pkg:/opt/ros/humble /home/atwork/.local/bin/cmake --install /home/atwork/caramelo_atwork/src/build/caramelo_one
[0.876s] -- Install configuration: ""
[0.877s] -- Execute custom install script
[0.878s] -- Up-to-date symlink: /home/atwork/caramelo_atwork/src/install/caramelo_one/share/caramelo_one/config/empty.yaml
[0.878s] -- Up-to-date symlink: /home/atwork/caramelo_atwork/src/install/caramelo_one/share/caramelo_one/config/view_robot.rviz
[0.878s] -- Up-to-date symlink: /home/atwork/caramelo_atwork/src/install/caramelo_one/share/caramelo_one/description/camera.xacro
[0.879s] -- Up-to-date symlink: /home/atwork/caramelo_atwork/src/install/caramelo_one/share/caramelo_one/description/gazebo_control.xacro
[0.879s] -- Up-to-date symlink: /home/atwork/caramelo_atwork/src/install/caramelo_one/share/caramelo_one/description/inertial_macros.xacro
[0.880s] -- Up-to-date symlink: /home/atwork/caramelo_atwork/src/install/caramelo_one/share/caramelo_one/description/laser.xacro
[0.880s] -- Up-to-date symlink: /home/atwork/caramelo_atwork/src/install/caramelo_one/share/caramelo_one/description/robot.urdf.xacro
[0.880s] -- Up-to-date symlink: /home/atwork/caramelo_atwork/src/install/caramelo_one/share/caramelo_one/description/robot_core.xacro
[0.880s] -- Up-to-date symlink: /home/atwork/caramelo_atwork/src/install/caramelo_one/share/caramelo_one/launch/camera.launch..py
[0.881s] -- Up-to-date symlink: /home/atwork/caramelo_atwork/src/install/caramelo_one/share/caramelo_one/launch/launch_sim.launch.py
[0.881s] -- Up-to-date symlink: /home/atwork/caramelo_atwork/src/install/caramelo_one/share/caramelo_one/launch/rplidar.launch.py
[0.881s] -- Up-to-date symlink: /home/atwork/caramelo_atwork/src/install/caramelo_one/share/caramelo_one/launch/rsp.launch.py
[0.882s] -- Up-to-date symlink: /home/atwork/caramelo_atwork/src/install/caramelo_one/share/caramelo_one/worlds/empty.world
[0.882s] -- Up-to-date symlink: /home/atwork/caramelo_atwork/src/install/caramelo_one/share/caramelo_one/worlds/obstacles
[0.882s] -- Up-to-date symlink: /home/atwork/caramelo_atwork/src/install/caramelo_one/share/caramelo_one/worlds/simple_room_with_fixed_boxes.world
[0.882s] -- Up-to-date symlink: /home/atwork/caramelo_atwork/src/install/caramelo_one/share/ament_index/resource_index/package_run_dependencies/caramelo_one
[0.882s] -- Up-to-date symlink: /home/atwork/caramelo_atwork/src/install/caramelo_one/share/ament_index/resource_index/parent_prefix_path/caramelo_one
[0.882s] -- Up-to-date symlink: /home/atwork/caramelo_atwork/src/install/caramelo_one/share/caramelo_one/environment/ament_prefix_path.sh
[0.883s] -- Up-to-date symlink: /home/atwork/caramelo_atwork/src/install/caramelo_one/share/caramelo_one/environment/ament_prefix_path.dsv
[0.883s] -- Up-to-date symlink: /home/atwork/caramelo_atwork/src/install/caramelo_one/share/caramelo_one/environment/path.sh
[0.883s] -- Up-to-date symlink: /home/atwork/caramelo_atwork/src/install/caramelo_one/share/caramelo_one/environment/path.dsv
[0.883s] -- Up-to-date symlink: /home/atwork/caramelo_atwork/src/install/caramelo_one/share/caramelo_one/local_setup.bash
[0.883s] -- Up-to-date symlink: /home/atwork/caramelo_atwork/src/install/caramelo_one/share/caramelo_one/local_setup.sh
[0.884s] -- Up-to-date symlink: /home/atwork/caramelo_atwork/src/install/caramelo_one/share/caramelo_one/local_setup.zsh
[0.884s] -- Up-to-date symlink: /home/atwork/caramelo_atwork/src/install/caramelo_one/share/caramelo_one/local_setup.dsv
[0.884s] -- Symlinking: /home/atwork/caramelo_atwork/src/install/caramelo_one/share/caramelo_one/package.dsv
[0.892s] -- Up-to-date symlink: /home/atwork/caramelo_atwork/src/install/caramelo_one/share/ament_index/resource_index/packages/caramelo_one
[0.893s] -- Up-to-date symlink: /home/atwork/caramelo_atwork/src/install/caramelo_one/share/caramelo_one/cmake/caramelo_oneConfig.cmake
[0.893s] -- Up-to-date symlink: /home/atwork/caramelo_atwork/src/install/caramelo_one/share/caramelo_one/cmake/caramelo_oneConfig-version.cmake
[0.893s] -- Up-to-date symlink: /home/atwork/caramelo_atwork/src/install/caramelo_one/share/caramelo_one/package.xml
[0.923s] Invoked command in '/home/atwork/caramelo_atwork/src/build/caramelo_one' returned '0': CMAKE_PREFIX_PATH=${CMAKE_PREFIX_PATH}:/home/atwork/caramelo_atwork/src/install/simulation_pkg:/home/atwork/caramelo_atwork/src/install/navegacao_pkg:/opt/ros/humble /home/atwork/.local/bin/cmake --install /home/atwork/caramelo_atwork/src/build/caramelo_one
