[0.706s] Invoking command in '/home/atwork/caramelo_atwork/src/navegacao_pkg': PYTHONPATH=/home/atwork/caramelo_atwork/src/build/navegacao_pkg/prefix_override:/usr/lib/python3/dist-packages/colcon_core/task/python/colcon_distutils_commands:/home/atwork/caramelo_atwork/src/install/navegacao_pkg/lib/python3.10/site-packages:${PYTHONPATH} /usr/bin/python3 -W ignore:setup.py install is deprecated setup.py egg_info --egg-base ../build/navegacao_pkg build --build-base /home/atwork/caramelo_atwork/src/build/navegacao_pkg/build install --record /home/atwork/caramelo_atwork/src/build/navegacao_pkg/install.log --single-version-externally-managed install_data
[1.044s] running egg_info
[1.045s] creating ../build/navegacao_pkg/navegacao_pkg.egg-info
[1.045s] writing ../build/navegacao_pkg/navegacao_pkg.egg-info/PKG-INFO
[1.045s] writing dependency_links to ../build/navegacao_pkg/navegacao_pkg.egg-info/dependency_links.txt
[1.045s] writing entry points to ../build/navegacao_pkg/navegacao_pkg.egg-info/entry_points.txt
[1.045s] writing requirements to ../build/navegacao_pkg/navegacao_pkg.egg-info/requires.txt
[1.045s] writing top-level names to ../build/navegacao_pkg/navegacao_pkg.egg-info/top_level.txt
[1.045s] writing manifest file '../build/navegacao_pkg/navegacao_pkg.egg-info/SOURCES.txt'
[1.046s] reading manifest file '../build/navegacao_pkg/navegacao_pkg.egg-info/SOURCES.txt'
[1.046s] writing manifest file '../build/navegacao_pkg/navegacao_pkg.egg-info/SOURCES.txt'
[1.046s] running build
[1.046s] running build_py
[1.046s] creating /home/atwork/caramelo_atwork/src/build/navegacao_pkg/build
[1.046s] creating /home/atwork/caramelo_atwork/src/build/navegacao_pkg/build/lib
[1.046s] creating /home/atwork/caramelo_atwork/src/build/navegacao_pkg/build/lib/navegacao_pkg
[1.046s] copying navegacao_pkg/__init__.py -> /home/atwork/caramelo_atwork/src/build/navegacao_pkg/build/lib/navegacao_pkg
[1.046s] running install
[1.047s] running install_lib
[1.047s] creating /home/atwork/caramelo_atwork/src/install/navegacao_pkg/lib/python3.10/site-packages/navegacao_pkg
[1.047s] copying /home/atwork/caramelo_atwork/src/build/navegacao_pkg/build/lib/navegacao_pkg/__init__.py -> /home/atwork/caramelo_atwork/src/install/navegacao_pkg/lib/python3.10/site-packages/navegacao_pkg
[1.047s] byte-compiling /home/atwork/caramelo_atwork/src/install/navegacao_pkg/lib/python3.10/site-packages/navegacao_pkg/__init__.py to __init__.cpython-310.pyc
[1.047s] running install_data
[1.047s] creating /home/atwork/caramelo_atwork/src/install/navegacao_pkg/share/ament_index
[1.047s] creating /home/atwork/caramelo_atwork/src/install/navegacao_pkg/share/ament_index/resource_index
[1.047s] creating /home/atwork/caramelo_atwork/src/install/navegacao_pkg/share/ament_index/resource_index/packages
[1.048s] copying resource/navegacao_pkg -> /home/atwork/caramelo_atwork/src/install/navegacao_pkg/share/ament_index/resource_index/packages
[1.048s] copying package.xml -> /home/atwork/caramelo_atwork/src/install/navegacao_pkg/share/navegacao_pkg
[1.048s] running install_egg_info
[1.049s] Copying ../build/navegacao_pkg/navegacao_pkg.egg-info to /home/atwork/caramelo_atwork/src/install/navegacao_pkg/lib/python3.10/site-packages/navegacao_pkg-0.0.0-py3.10.egg-info
[1.049s] running install_scripts
[1.060s] writing list of installed files to '/home/atwork/caramelo_atwork/src/build/navegacao_pkg/install.log'
[1.073s] Invoked command in '/home/atwork/caramelo_atwork/src/navegacao_pkg' returned '0': PYTHONPATH=/home/atwork/caramelo_atwork/src/build/navegacao_pkg/prefix_override:/usr/lib/python3/dist-packages/colcon_core/task/python/colcon_distutils_commands:/home/atwork/caramelo_atwork/src/install/navegacao_pkg/lib/python3.10/site-packages:${PYTHONPATH} /usr/bin/python3 -W ignore:setup.py install is deprecated setup.py egg_info --egg-base ../build/navegacao_pkg build --build-base /home/atwork/caramelo_atwork/src/build/navegacao_pkg/build install --record /home/atwork/caramelo_atwork/src/build/navegacao_pkg/install.log --single-version-externally-managed install_data
