[0.811s] Invoking command in '/home/atwork/caramelo_atwork/src/navegacao_pkg': PYTHONPATH=/home/atwork/caramelo_atwork/src/build/navegacao_pkg/prefix_override:/usr/lib/python3/dist-packages/colcon_core/task/python/colcon_distutils_commands:/home/atwork/caramelo_atwork/src/install/navegacao_pkg/lib/python3.10/site-packages:${PYTHONPATH} /usr/bin/python3 -W ignore:setup.py install is deprecated setup.py egg_info --egg-base ../build/navegacao_pkg build --build-base /home/atwork/caramelo_atwork/src/build/navegacao_pkg/build install --record /home/atwork/caramelo_atwork/src/build/navegacao_pkg/install.log --single-version-externally-managed install_data
[1.027s] running egg_info
[1.027s] writing ../build/navegacao_pkg/navegacao_pkg.egg-info/PKG-INFO
[1.028s] writing dependency_links to ../build/navegacao_pkg/navegacao_pkg.egg-info/dependency_links.txt
[1.028s] writing entry points to ../build/navegacao_pkg/navegacao_pkg.egg-info/entry_points.txt
[1.028s] writing requirements to ../build/navegacao_pkg/navegacao_pkg.egg-info/requires.txt
[1.028s] writing top-level names to ../build/navegacao_pkg/navegacao_pkg.egg-info/top_level.txt
[1.029s] reading manifest file '../build/navegacao_pkg/navegacao_pkg.egg-info/SOURCES.txt'
[1.029s] writing manifest file '../build/navegacao_pkg/navegacao_pkg.egg-info/SOURCES.txt'
[1.029s] running build
[1.029s] running build_py
[1.029s] running install
[1.029s] running install_lib
[1.030s] running install_data
[1.030s] running install_egg_info
[1.031s] removing '/home/atwork/caramelo_atwork/src/install/navegacao_pkg/lib/python3.10/site-packages/navegacao_pkg-0.0.0-py3.10.egg-info' (and everything under it)
[1.032s] Copying ../build/navegacao_pkg/navegacao_pkg.egg-info to /home/atwork/caramelo_atwork/src/install/navegacao_pkg/lib/python3.10/site-packages/navegacao_pkg-0.0.0-py3.10.egg-info
[1.032s] running install_scripts
[1.043s] writing list of installed files to '/home/atwork/caramelo_atwork/src/build/navegacao_pkg/install.log'
[1.056s] Invoked command in '/home/atwork/caramelo_atwork/src/navegacao_pkg' returned '0': PYTHONPATH=/home/atwork/caramelo_atwork/src/build/navegacao_pkg/prefix_override:/usr/lib/python3/dist-packages/colcon_core/task/python/colcon_distutils_commands:/home/atwork/caramelo_atwork/src/install/navegacao_pkg/lib/python3.10/site-packages:${PYTHONPATH} /usr/bin/python3 -W ignore:setup.py install is deprecated setup.py egg_info --egg-base ../build/navegacao_pkg build --build-base /home/atwork/caramelo_atwork/src/build/navegacao_pkg/build install --record /home/atwork/caramelo_atwork/src/build/navegacao_pkg/install.log --single-version-externally-managed install_data
