[0.217s] Invoking command in '/home/atwork/caramelo_atwork/src/build/robot_localization': CMAKE_PREFIX_PATH=${CMAKE_PREFIX_PATH}:/opt/ros/humble /home/atwork/.local/bin/cmake /home/atwork/caramelo_atwork/src/robot_localization -DCMAKE_INSTALL_PREFIX=/home/atwork/caramelo_atwork/src/install/robot_localization
[0.349s] -- The C compiler identification is GNU 11.4.0
[0.422s] -- The CXX compiler identification is GNU 11.4.0
[0.429s] -- Detecting C compiler ABI info
[0.467s] -- Detecting C compiler ABI info - done
[0.493s] -- Check for working C compiler: /usr/bin/cc - skipped
[0.494s] -- Detecting C compile features
[0.495s] -- Detecting C compile features - done
[0.506s] -- Detecting CXX compiler ABI info
[0.670s] -- Detecting CXX compiler ABI info - done
[0.719s] -- Check for working CXX compiler: /usr/bin/c++ - skipped
[0.720s] -- Detecting CXX compile features
[0.721s] -- Detecting CXX compile features - done
[0.723s] -- robot_localization: You did not request a specific build type: selecting 'RelWithDebInfo'.
[0.727s] -- Found ament_cmake: 1.3.10 (/opt/ros/humble/share/ament_cmake/cmake)
[0.876s] -- Found Python3: /usr/bin/python3 (found version "3.10.12") found components: Interpreter
[0.928s] -- Found angles: 1.15.0 (/opt/ros/humble/share/angles/cmake)
[0.929s] [33mCMake Warning (dev) at CMakeLists.txt:19 (find_package):
[0.929s]   Policy CMP0167 is not set: The FindBoost module is removed.  Run "cmake
[0.929s]   --help-policy CMP0167" for policy details.  Use the cmake_policy command to
[0.929s]   set the policy and suppress this warning.
[0.929s] 
[0.929s] This warning is for project developers.  Use -Wno-dev to suppress it.
[0.929s] [0m
[0.935s] -- Found Boost: /usr/lib/x86_64-linux-gnu/cmake/Boost-1.74.0/BoostConfig.cmake (found version "1.74.0")
[0.936s] -- Found builtin_interfaces: 1.2.1 (/opt/ros/humble/share/builtin_interfaces/cmake)
[0.962s] -- Found rosidl_generator_c: 3.1.5 (/opt/ros/humble/share/rosidl_generator_c/cmake)
[0.966s] -- Found rosidl_adapter: 3.1.5 (/opt/ros/humble/share/rosidl_adapter/cmake)
[0.974s] -- Found rosidl_generator_cpp: 3.1.5 (/opt/ros/humble/share/rosidl_generator_cpp/cmake)
[0.986s] -- Using all available rosidl_typesupport_c: rosidl_typesupport_fastrtps_c;rosidl_typesupport_introspection_c
[0.999s] -- Using all available rosidl_typesupport_cpp: rosidl_typesupport_fastrtps_cpp;rosidl_typesupport_introspection_cpp
[1.012s] -- Found diagnostic_msgs: 4.2.4 (/opt/ros/humble/share/diagnostic_msgs/cmake)
[1.077s] -- Found diagnostic_updater: 4.0.0 (/opt/ros/humble/share/diagnostic_updater/cmake)
[1.203s] -- Found rmw_implementation_cmake: 6.1.2 (/opt/ros/humble/share/rmw_implementation_cmake/cmake)
[1.208s] -- Found rmw_fastrtps_cpp: 6.2.7 (/opt/ros/humble/share/rmw_fastrtps_cpp/cmake)
[1.412s] -- Found OpenSSL: /usr/lib/x86_64-linux-gnu/libcrypto.so (found version "3.0.2")
[1.492s] -- Found FastRTPS: /opt/ros/humble/include
[1.608s] -- Using RMW implementation 'rmw_fastrtps_cpp' as default
[1.634s] -- Performing Test CMAKE_HAVE_LIBC_PTHREAD
[1.794s] -- Performing Test CMAKE_HAVE_LIBC_PTHREAD - Success
[1.798s] -- Found Threads: TRUE
[1.983s] -- Found geographic_msgs: 1.0.6 (/opt/ros/humble/share/geographic_msgs/cmake)
[2.115s] -- Found message_filters: 4.3.5 (/opt/ros/humble/share/message_filters/cmake)
[2.118s] -- Found nav_msgs: 4.2.4 (/opt/ros/humble/share/nav_msgs/cmake)
[2.136s] -- Found rosidl_default_generators: 1.2.0 (/opt/ros/humble/share/rosidl_default_generators/cmake)
[2.142s] -- Found sensor_msgs: 4.2.4 (/opt/ros/humble/share/sensor_msgs/cmake)
[2.159s] -- Found std_srvs: 4.2.4 (/opt/ros/humble/share/std_srvs/cmake)
[2.180s] -- Found tf2: 0.25.8 (/opt/ros/humble/share/tf2/cmake)
[2.205s] -- Found tf2_eigen: 0.25.8 (/opt/ros/humble/share/tf2_eigen/cmake)
[2.412s] -- Found tf2_geometry_msgs: 0.25.8 (/opt/ros/humble/share/tf2_geometry_msgs/cmake)
[2.424s] -- Found eigen3_cmake_module: 0.1.1 (/opt/ros/humble/share/eigen3_cmake_module/cmake)
[2.427s] -- Found Eigen3: TRUE (found version "3.4.0")
[2.427s] -- Ensuring Eigen3 include directory is part of orocos-kdl CMake target
[2.435s] -- Found yaml_cpp_vendor: 8.0.2 (/opt/ros/humble/share/yaml_cpp_vendor/cmake)
[2.448s] -- Found GeographicLib: /usr/lib/x86_64-linux-gnu
[3.754s] -- Found ament_cmake_cppcheck: 0.12.11 (/opt/ros/humble/share/ament_cmake_cppcheck/cmake)
[3.760s] -- Found ament_cmake_cpplint: 0.12.11 (/opt/ros/humble/share/ament_cmake_cpplint/cmake)
[3.765s] -- Found ament_cmake_uncrustify: 0.12.11 (/opt/ros/humble/share/ament_cmake_uncrustify/cmake)
[3.773s] -- Found ament_cmake_ros: 0.10.0 (/opt/ros/humble/share/ament_cmake_ros/cmake)
[6.063s] -- Using all available rosidl_typesupport_c: rosidl_typesupport_fastrtps_c;rosidl_typesupport_introspection_c
[6.938s] -- Using all available rosidl_typesupport_cpp: rosidl_typesupport_fastrtps_cpp;rosidl_typesupport_introspection_cpp
[6.949s] [33mCMake Warning (dev) at /opt/ros/humble/share/rosidl_generator_py/cmake/rosidl_generator_py_generate_interfaces.cmake:20 (find_package):
[6.949s]   Policy CMP0148 is not set: The FindPythonInterp and FindPythonLibs modules
[6.950s]   are removed.  Run "cmake --help-policy CMP0148" for policy details.  Use
[6.950s]   the cmake_policy command to set the policy and suppress this warning.
[6.950s] 
[6.950s] Call Stack (most recent call first):
[6.950s]   /opt/ros/humble/share/ament_cmake_core/cmake/core/ament_execute_extensions.cmake:48 (include)
[6.950s]   /opt/ros/humble/share/rosidl_cmake/cmake/rosidl_generate_interfaces.cmake:286 (ament_execute_extensions)
[6.950s]   CMakeLists.txt:46 (rosidl_generate_interfaces)
[6.950s] This warning is for project developers.  Use -Wno-dev to suppress it.
[6.950s] [0m
[7.003s] -- Found PythonInterp: /usr/bin/python3 (found suitable version "3.10.12", minimum required is "3.6")
[7.008s] -- Found python_cmake_module: 0.10.0 (/opt/ros/humble/share/python_cmake_module/cmake)
[7.010s] [33mCMake Warning (dev) at /opt/ros/humble/share/python_cmake_module/cmake/Modules/FindPythonExtra.cmake:52 (find_package):
[7.010s]   Policy CMP0148 is not set: The FindPythonInterp and FindPythonLibs modules
[7.010s]   are removed.  Run "cmake --help-policy CMP0148" for policy details.  Use
[7.011s]   the cmake_policy command to set the policy and suppress this warning.
[7.011s] 
[7.011s] Call Stack (most recent call first):
[7.011s]   /opt/ros/humble/share/rosidl_generator_py/cmake/rosidl_generator_py_generate_interfaces.cmake:23 (find_package)
[7.011s]   /opt/ros/humble/share/ament_cmake_core/cmake/core/ament_execute_extensions.cmake:48 (include)
[7.011s]   /opt/ros/humble/share/rosidl_cmake/cmake/rosidl_generate_interfaces.cmake:286 (ament_execute_extensions)
[7.011s]   CMakeLists.txt:46 (rosidl_generate_interfaces)
[7.011s] This warning is for project developers.  Use -Wno-dev to suppress it.
[7.012s] [0m
[7.064s] [33mCMake Warning (dev) at /opt/ros/humble/share/python_cmake_module/cmake/Modules/FindPythonExtra.cmake:140 (find_package):
[7.064s]   Policy CMP0148 is not set: The FindPythonInterp and FindPythonLibs modules
[7.064s]   are removed.  Run "cmake --help-policy CMP0148" for policy details.  Use
[7.065s]   the cmake_policy command to set the policy and suppress this warning.
[7.065s] 
[7.065s] Call Stack (most recent call first):
[7.065s]   /opt/ros/humble/share/rosidl_generator_py/cmake/rosidl_generator_py_generate_interfaces.cmake:23 (find_package)
[7.065s]   /opt/ros/humble/share/ament_cmake_core/cmake/core/ament_execute_extensions.cmake:48 (include)
[7.065s]   /opt/ros/humble/share/rosidl_cmake/cmake/rosidl_generate_interfaces.cmake:286 (ament_execute_extensions)
[7.065s]   CMakeLists.txt:46 (rosidl_generate_interfaces)
[7.065s] This warning is for project developers.  Use -Wno-dev to suppress it.
[7.065s] [0m
[7.082s] -- Found PythonLibs: /usr/lib/x86_64-linux-gnu/libpython3.10.so (found suitable version "3.10.12", minimum required is "3.5")
[7.082s] -- Using PYTHON_EXECUTABLE: /usr/bin/python3
[7.082s] -- Using PYTHON_INCLUDE_DIRS: /usr/include/python3.10
[7.083s] -- Using PYTHON_LIBRARIES: /usr/lib/x86_64-linux-gnu/libpython3.10.so
[7.135s] -- Found PythonExtra: .so
[7.382s] -- Found ament_cmake_flake8: 0.12.11 (/opt/ros/humble/share/ament_cmake_flake8/cmake)
[7.387s] -- Found ament_cmake_pep257: 0.12.11 (/opt/ros/humble/share/ament_cmake_pep257/cmake)
[7.398s] -- Found ament_cmake_lint_cmake: 0.12.11 (/opt/ros/humble/share/ament_cmake_lint_cmake/cmake)
[7.404s] -- Found launch_testing_ament_cmake: 1.0.6 (/opt/ros/humble/share/launch_testing_ament_cmake/cmake)
[7.406s] [33mCMake Warning (dev) at /opt/ros/humble/share/python_cmake_module/cmake/Modules/FindPythonExtra.cmake:52 (find_package):
[7.407s]   Policy CMP0148 is not set: The FindPythonInterp and FindPythonLibs modules
[7.407s]   are removed.  Run "cmake --help-policy CMP0148" for policy details.  Use
[7.407s]   the cmake_policy command to set the policy and suppress this warning.
[7.407s] 
[7.407s] Call Stack (most recent call first):
[7.407s]   /opt/ros/humble/share/launch_testing_ament_cmake/cmake/launch_testing_ament_cmake-extras.cmake:18 (find_package)
[7.407s]   /opt/ros/humble/share/launch_testing_ament_cmake/cmake/launch_testing_ament_cmakeConfig.cmake:41 (include)
[7.407s]   CMakeLists.txt:146 (find_package)
[7.407s] This warning is for project developers.  Use -Wno-dev to suppress it.
[7.407s] [0m
[7.460s] [33mCMake Warning (dev) at /opt/ros/humble/share/python_cmake_module/cmake/Modules/FindPythonExtra.cmake:140 (find_package):
[7.460s]   Policy CMP0148 is not set: The FindPythonInterp and FindPythonLibs modules
[7.461s]   are removed.  Run "cmake --help-policy CMP0148" for policy details.  Use
[7.461s]   the cmake_policy command to set the policy and suppress this warning.
[7.461s] 
[7.461s] Call Stack (most recent call first):
[7.461s]   /opt/ros/humble/share/launch_testing_ament_cmake/cmake/launch_testing_ament_cmake-extras.cmake:18 (find_package)
[7.461s]   /opt/ros/humble/share/launch_testing_ament_cmake/cmake/launch_testing_ament_cmakeConfig.cmake:41 (include)
[7.461s]   CMakeLists.txt:146 (find_package)
[7.461s] This warning is for project developers.  Use -Wno-dev to suppress it.
[7.462s] [0m
[7.466s] -- Using PYTHON_EXECUTABLE: /usr/bin/python3
[7.466s] -- Using PYTHON_INCLUDE_DIRS: /usr/include/python3.10
[7.466s] -- Using PYTHON_LIBRARIES: /usr/lib/x86_64-linux-gnu/libpython3.10.so
[7.476s] -- Found gtest sources under '/opt/ros/humble/src/gtest_vendor': C++ tests using 'Google Test' will be built
[7.557s] -- Configuring done (7.3s)
[7.676s] [31mCMake Error at CMakeLists.txt:99 (target_link_libraries):
[7.676s]   Target "rl_lib" links to:
[7.676s] 
[7.676s]     yaml-cpp::yaml-cpp
[7.676s] 
[7.676s]   but the target was not found.  Possible reasons include:
[7.676s] 
[7.676s]     * There is a typo in the target name.
[7.676s]     * A find_package call is missing for an IMPORTED target.
[7.676s]     * An ALIAS target is missing.
[7.676s] 
[7.676s] 
[7.676s] [0m
[7.678s] -- Generating done (0.1s)
[7.678s] [0mCMake Generate step failed.  Build files cannot be regenerated correctly.[0m
[7.695s] Invoked command in '/home/atwork/caramelo_atwork/src/build/robot_localization' returned '1': CMAKE_PREFIX_PATH=${CMAKE_PREFIX_PATH}:/opt/ros/humble /home/atwork/.local/bin/cmake /home/atwork/caramelo_atwork/src/robot_localization -DCMAKE_INSTALL_PREFIX=/home/atwork/caramelo_atwork/src/install/robot_localization
