[0.068s] DEBUG:colcon:Command line arguments: ['/usr/bin/colcon', 'build', '--symlink-install']
[0.068s] DEBUG:colcon:Parsed command line arguments: Namespace(log_base=None, log_level=None, verb_name='build', build_base='build', install_base='install', merge_install=False, symlink_install=True, test_result_base=None, continue_on_error=False, executor='parallel', parallel_workers=20, event_handlers=None, ignore_user_meta=False, metas=['./colcon.meta'], base_paths=['.'], packages_ignore=None, packages_ignore_regex=None, paths=None, packages_up_to=None, packages_up_to_regex=None, packages_above=None, packages_above_and_dependencies=None, packages_above_depth=None, packages_select_by_dep=None, packages_skip_by_dep=None, packages_skip_up_to=None, packages_select_build_failed=False, packages_skip_build_finished=False, packages_select_test_failures=False, packages_skip_test_passed=False, packages_select=None, packages_skip=None, packages_select_regex=None, packages_skip_regex=None, packages_start=None, packages_end=None, allow_overriding=[], cmake_args=None, cmake_target=None, cmake_target_skip_unavailable=False, cmake_clean_cache=False, cmake_clean_first=False, cmake_force_configure=False, ament_cmake_args=None, catkin_cmake_args=None, catkin_skip_building_tests=False, verb_parser=<colcon_defaults.argument_parser.defaults.DefaultArgumentsDecorator object at 0x7a69f98497e0>, verb_extension=<colcon_core.verb.build.BuildVerb object at 0x7a69f9849210>, main=<bound method BuildVerb.main of <colcon_core.verb.build.BuildVerb object at 0x7a69f9849210>>)
[0.149s] Level 1:colcon.colcon_core.package_discovery:discover_packages(colcon_meta) check parameters
[0.149s] Level 1:colcon.colcon_core.package_discovery:discover_packages(recursive) check parameters
[0.149s] Level 1:colcon.colcon_core.package_discovery:discover_packages(ignore) check parameters
[0.149s] Level 1:colcon.colcon_core.package_discovery:discover_packages(path) check parameters
[0.149s] Level 1:colcon.colcon_core.package_discovery:discover_packages(colcon_meta) discover
[0.149s] Level 1:colcon.colcon_core.package_discovery:discover_packages(recursive) discover
[0.149s] INFO:colcon.colcon_core.package_discovery:Crawling recursively for packages in '/home/atwork/caramelo_atwork/src'
[0.149s] Level 1:colcon.colcon_core.package_identification:_identify(.) by extensions ['ignore', 'ignore_ament_install']
[0.149s] Level 1:colcon.colcon_core.package_identification:_identify(.) by extension 'ignore'
[0.149s] Level 1:colcon.colcon_core.package_identification:_identify(.) by extension 'ignore_ament_install'
[0.149s] Level 1:colcon.colcon_core.package_identification:_identify(.) by extensions ['colcon_pkg']
[0.149s] Level 1:colcon.colcon_core.package_identification:_identify(.) by extension 'colcon_pkg'
[0.149s] Level 1:colcon.colcon_core.package_identification:_identify(.) by extensions ['colcon_meta']
[0.149s] Level 1:colcon.colcon_core.package_identification:_identify(.) by extension 'colcon_meta'
[0.149s] Level 1:colcon.colcon_core.package_identification:_identify(.) by extensions ['ros']
[0.149s] Level 1:colcon.colcon_core.package_identification:_identify(.) by extension 'ros'
[0.156s] Level 1:colcon.colcon_core.package_identification:_identify(.) by extensions ['cmake', 'python']
[0.157s] Level 1:colcon.colcon_core.package_identification:_identify(.) by extension 'cmake'
[0.157s] Level 1:colcon.colcon_core.package_identification:_identify(.) by extension 'python'
[0.157s] Level 1:colcon.colcon_core.package_identification:_identify(.) by extensions ['python_setup_py']
[0.157s] Level 1:colcon.colcon_core.package_identification:_identify(.) by extension 'python_setup_py'
[0.157s] Level 1:colcon.colcon_core.package_identification:_identify(build) by extensions ['ignore', 'ignore_ament_install']
[0.157s] Level 1:colcon.colcon_core.package_identification:_identify(build) by extension 'ignore'
[0.157s] Level 1:colcon.colcon_core.package_identification:_identify(build) ignored
[0.157s] Level 1:colcon.colcon_core.package_identification:_identify(caramelo_one) by extensions ['ignore', 'ignore_ament_install']
[0.157s] Level 1:colcon.colcon_core.package_identification:_identify(caramelo_one) by extension 'ignore'
[0.157s] Level 1:colcon.colcon_core.package_identification:_identify(caramelo_one) by extension 'ignore_ament_install'
[0.157s] Level 1:colcon.colcon_core.package_identification:_identify(caramelo_one) by extensions ['colcon_pkg']
[0.157s] Level 1:colcon.colcon_core.package_identification:_identify(caramelo_one) by extension 'colcon_pkg'
[0.157s] Level 1:colcon.colcon_core.package_identification:_identify(caramelo_one) by extensions ['colcon_meta']
[0.157s] Level 1:colcon.colcon_core.package_identification:_identify(caramelo_one) by extension 'colcon_meta'
[0.157s] Level 1:colcon.colcon_core.package_identification:_identify(caramelo_one) by extensions ['ros']
[0.157s] Level 1:colcon.colcon_core.package_identification:_identify(caramelo_one) by extension 'ros'
[0.159s] DEBUG:colcon.colcon_core.package_identification:Package 'caramelo_one' with type 'ros.ament_cmake' and name 'caramelo_one'
[0.159s] Level 1:colcon.colcon_core.package_identification:_identify(install) by extensions ['ignore', 'ignore_ament_install']
[0.159s] Level 1:colcon.colcon_core.package_identification:_identify(install) by extension 'ignore'
[0.159s] Level 1:colcon.colcon_core.package_identification:_identify(install) ignored
[0.159s] Level 1:colcon.colcon_core.package_identification:_identify(log) by extensions ['ignore', 'ignore_ament_install']
[0.159s] Level 1:colcon.colcon_core.package_identification:_identify(log) by extension 'ignore'
[0.159s] Level 1:colcon.colcon_core.package_identification:_identify(log) ignored
[0.159s] Level 1:colcon.colcon_core.package_discovery:discover_packages(recursive) using defaults
[0.159s] Level 1:colcon.colcon_core.package_discovery:discover_packages(ignore) discover
[0.159s] Level 1:colcon.colcon_core.package_discovery:discover_packages(ignore) using defaults
[0.159s] Level 1:colcon.colcon_core.package_discovery:discover_packages(path) discover
[0.159s] Level 1:colcon.colcon_core.package_discovery:discover_packages(path) using defaults
[0.176s] Level 1:colcon.colcon_core.package_discovery:discover_packages(prefix_path) check parameters
[0.176s] Level 1:colcon.colcon_core.package_discovery:discover_packages(prefix_path) discover
[0.177s] WARNING:colcon.colcon_ros.prefix_path.ament:The path '/home/atwork/caramelo_atwork/src/install/sllidar_ros2' in the environment variable AMENT_PREFIX_PATH doesn't exist
[0.177s] WARNING:colcon.colcon_ros.prefix_path.ament:The path '/home/atwork/caramelo_atwork/src/install/simulation_pkg' in the environment variable AMENT_PREFIX_PATH doesn't exist
[0.177s] WARNING:colcon.colcon_ros.prefix_path.ament:The path '/home/atwork/caramelo_atwork/src/install/navegacao_pkg' in the environment variable AMENT_PREFIX_PATH doesn't exist
[0.177s] WARNING:colcon.colcon_ros.prefix_path.ament:The path '/home/atwork/caramelo_atwork/src/install/caramelo_one' in the environment variable AMENT_PREFIX_PATH doesn't exist
[0.177s] WARNING:colcon.colcon_ros.prefix_path.catkin:The path '/home/atwork/caramelo_atwork/src/install/sllidar_ros2' in the environment variable CMAKE_PREFIX_PATH doesn't exist
[0.177s] WARNING:colcon.colcon_ros.prefix_path.catkin:The path '/home/atwork/caramelo_atwork/src/install/caramelo_one' in the environment variable CMAKE_PREFIX_PATH doesn't exist
[0.177s] DEBUG:colcon.colcon_installed_package_information.package_discovery:Found 0 installed packages in /home/atwork/caramelo_atwork/src/install
[0.177s] DEBUG:colcon.colcon_installed_package_information.package_discovery:Found 2 installed packages in /home/atwork/ros2_ws/install
[0.178s] DEBUG:colcon.colcon_installed_package_information.package_discovery:Found 336 installed packages in /opt/ros/humble
[0.179s] Level 1:colcon.colcon_core.package_discovery:discover_packages(prefix_path) using defaults
[0.198s] Level 5:colcon.colcon_core.verb:set package 'caramelo_one' build argument 'cmake_args' from command line to 'None'
[0.198s] Level 5:colcon.colcon_core.verb:set package 'caramelo_one' build argument 'cmake_target' from command line to 'None'
[0.198s] Level 5:colcon.colcon_core.verb:set package 'caramelo_one' build argument 'cmake_target_skip_unavailable' from command line to 'False'
[0.198s] Level 5:colcon.colcon_core.verb:set package 'caramelo_one' build argument 'cmake_clean_cache' from command line to 'False'
[0.198s] Level 5:colcon.colcon_core.verb:set package 'caramelo_one' build argument 'cmake_clean_first' from command line to 'False'
[0.198s] Level 5:colcon.colcon_core.verb:set package 'caramelo_one' build argument 'cmake_force_configure' from command line to 'False'
[0.198s] Level 5:colcon.colcon_core.verb:set package 'caramelo_one' build argument 'ament_cmake_args' from command line to 'None'
[0.198s] Level 5:colcon.colcon_core.verb:set package 'caramelo_one' build argument 'catkin_cmake_args' from command line to 'None'
[0.198s] Level 5:colcon.colcon_core.verb:set package 'caramelo_one' build argument 'catkin_skip_building_tests' from command line to 'False'
[0.198s] DEBUG:colcon.colcon_core.verb:Building package 'caramelo_one' with the following arguments: {'ament_cmake_args': None, 'build_base': '/home/atwork/caramelo_atwork/src/build/caramelo_one', 'catkin_cmake_args': None, 'catkin_skip_building_tests': False, 'cmake_args': None, 'cmake_clean_cache': False, 'cmake_clean_first': False, 'cmake_force_configure': False, 'cmake_target': None, 'cmake_target_skip_unavailable': False, 'install_base': '/home/atwork/caramelo_atwork/src/install/caramelo_one', 'merge_install': False, 'path': '/home/atwork/caramelo_atwork/src/caramelo_one', 'symlink_install': True, 'test_result_base': None}
[0.198s] INFO:colcon.colcon_core.executor:Executing jobs using 'parallel' executor
[0.199s] DEBUG:colcon.colcon_parallel_executor.executor.parallel:run_until_complete
[0.199s] INFO:colcon.colcon_ros.task.ament_cmake.build:Building ROS package in '/home/atwork/caramelo_atwork/src/caramelo_one' with build type 'ament_cmake'
[0.199s] INFO:colcon.colcon_cmake.task.cmake.build:Building CMake package in '/home/atwork/caramelo_atwork/src/caramelo_one'
[0.200s] INFO:colcon.colcon_core.plugin_system:Skipping extension 'colcon_core.shell.bat': Not used on non-Windows systems
[0.200s] INFO:colcon.colcon_core.shell:Skip shell extension 'powershell' for command environment: Not usable outside of PowerShell
[0.200s] DEBUG:colcon.colcon_core.shell:Skip shell extension 'dsv' for command environment
[0.205s] DEBUG:colcon.colcon_core.event_handler.log_command:Invoking command in '/home/atwork/caramelo_atwork/src/build/caramelo_one': CMAKE_PREFIX_PATH=${CMAKE_PREFIX_PATH}:/home/atwork/caramelo_atwork/src/install/simulation_pkg:/home/atwork/caramelo_atwork/src/install/navegacao_pkg:/opt/ros/humble /home/atwork/.local/bin/cmake /home/atwork/caramelo_atwork/src/caramelo_one -DAMENT_CMAKE_SYMLINK_INSTALL=1 -DCMAKE_INSTALL_PREFIX=/home/atwork/caramelo_atwork/src/install/caramelo_one
[1.960s] DEBUG:colcon.colcon_core.event_handler.log_command:Invoked command in '/home/atwork/caramelo_atwork/src/build/caramelo_one' returned '0': CMAKE_PREFIX_PATH=${CMAKE_PREFIX_PATH}:/home/atwork/caramelo_atwork/src/install/simulation_pkg:/home/atwork/caramelo_atwork/src/install/navegacao_pkg:/opt/ros/humble /home/atwork/.local/bin/cmake /home/atwork/caramelo_atwork/src/caramelo_one -DAMENT_CMAKE_SYMLINK_INSTALL=1 -DCMAKE_INSTALL_PREFIX=/home/atwork/caramelo_atwork/src/install/caramelo_one
[1.964s] DEBUG:colcon.colcon_core.event_handler.log_command:Invoking command in '/home/atwork/caramelo_atwork/src/build/caramelo_one': CMAKE_PREFIX_PATH=${CMAKE_PREFIX_PATH}:/home/atwork/caramelo_atwork/src/install/simulation_pkg:/home/atwork/caramelo_atwork/src/install/navegacao_pkg:/opt/ros/humble /home/atwork/.local/bin/cmake --build /home/atwork/caramelo_atwork/src/build/caramelo_one -- -j20 -l20
[2.192s] DEBUG:colcon.colcon_core.event_handler.log_command:Invoked command in '/home/atwork/caramelo_atwork/src/build/caramelo_one' returned '0': CMAKE_PREFIX_PATH=${CMAKE_PREFIX_PATH}:/home/atwork/caramelo_atwork/src/install/simulation_pkg:/home/atwork/caramelo_atwork/src/install/navegacao_pkg:/opt/ros/humble /home/atwork/.local/bin/cmake --build /home/atwork/caramelo_atwork/src/build/caramelo_one -- -j20 -l20
[2.565s] DEBUG:colcon.colcon_core.event_handler.log_command:Invoking command in '/home/atwork/caramelo_atwork/src/build/caramelo_one': CMAKE_PREFIX_PATH=${CMAKE_PREFIX_PATH}:/home/atwork/caramelo_atwork/src/install/simulation_pkg:/home/atwork/caramelo_atwork/src/install/navegacao_pkg:/opt/ros/humble /home/atwork/.local/bin/cmake --install /home/atwork/caramelo_atwork/src/build/caramelo_one
[2.921s] Level 1:colcon.colcon_core.environment:create_environment_scripts_only(caramelo_one)
[2.922s] DEBUG:colcon.colcon_core.event_handler.log_command:Invoked command in '/home/atwork/caramelo_atwork/src/build/caramelo_one' returned '0': CMAKE_PREFIX_PATH=${CMAKE_PREFIX_PATH}:/home/atwork/caramelo_atwork/src/install/simulation_pkg:/home/atwork/caramelo_atwork/src/install/navegacao_pkg:/opt/ros/humble /home/atwork/.local/bin/cmake --install /home/atwork/caramelo_atwork/src/build/caramelo_one
[2.927s] Level 1:colcon.colcon_core.environment:checking '/home/atwork/caramelo_atwork/src/install/caramelo_one' for CMake module files
[2.928s] Level 1:colcon.colcon_core.environment:checking '/home/atwork/caramelo_atwork/src/install/caramelo_one' for CMake config files
[2.929s] Level 1:colcon.colcon_core.shell:create_environment_hook('caramelo_one', 'cmake_prefix_path')
[2.929s] INFO:colcon.colcon_core.shell:Creating environment hook '/home/atwork/caramelo_atwork/src/install/caramelo_one/share/caramelo_one/hook/cmake_prefix_path.ps1'
[2.931s] INFO:colcon.colcon_core.shell:Creating environment descriptor '/home/atwork/caramelo_atwork/src/install/caramelo_one/share/caramelo_one/hook/cmake_prefix_path.dsv'
[2.932s] INFO:colcon.colcon_core.shell:Creating environment hook '/home/atwork/caramelo_atwork/src/install/caramelo_one/share/caramelo_one/hook/cmake_prefix_path.sh'
[2.933s] Level 1:colcon.colcon_core.environment:checking '/home/atwork/caramelo_atwork/src/install/caramelo_one/bin'
[2.934s] Level 1:colcon.colcon_core.environment:checking '/home/atwork/caramelo_atwork/src/install/caramelo_one/lib/pkgconfig/caramelo_one.pc'
[2.934s] Level 1:colcon.colcon_core.environment:checking '/home/atwork/caramelo_atwork/src/install/caramelo_one/lib/python3.10/site-packages'
[2.935s] Level 1:colcon.colcon_core.environment:checking '/home/atwork/caramelo_atwork/src/install/caramelo_one/bin'
[2.935s] INFO:colcon.colcon_core.shell:Creating package script '/home/atwork/caramelo_atwork/src/install/caramelo_one/share/caramelo_one/package.ps1'
[2.937s] INFO:colcon.colcon_core.shell:Creating package descriptor '/home/atwork/caramelo_atwork/src/install/caramelo_one/share/caramelo_one/package.dsv'
[2.938s] INFO:colcon.colcon_core.shell:Creating package script '/home/atwork/caramelo_atwork/src/install/caramelo_one/share/caramelo_one/package.sh'
[2.939s] INFO:colcon.colcon_core.shell:Creating package script '/home/atwork/caramelo_atwork/src/install/caramelo_one/share/caramelo_one/package.bash'
[2.941s] INFO:colcon.colcon_core.shell:Creating package script '/home/atwork/caramelo_atwork/src/install/caramelo_one/share/caramelo_one/package.zsh'
[2.942s] Level 1:colcon.colcon_core.environment:create_file_with_runtime_dependencies(/home/atwork/caramelo_atwork/src/install/caramelo_one/share/colcon-core/packages/caramelo_one)
[3.149s] Level 1:colcon.colcon_core.environment:create_environment_scripts_only(caramelo_one)
[3.150s] Level 1:colcon.colcon_core.environment:checking '/home/atwork/caramelo_atwork/src/install/caramelo_one' for CMake module files
[3.151s] Level 1:colcon.colcon_core.environment:checking '/home/atwork/caramelo_atwork/src/install/caramelo_one' for CMake config files
[3.151s] Level 1:colcon.colcon_core.shell:create_environment_hook('caramelo_one', 'cmake_prefix_path')
[3.152s] INFO:colcon.colcon_core.shell:Creating environment hook '/home/atwork/caramelo_atwork/src/install/caramelo_one/share/caramelo_one/hook/cmake_prefix_path.ps1'
[3.153s] INFO:colcon.colcon_core.shell:Creating environment descriptor '/home/atwork/caramelo_atwork/src/install/caramelo_one/share/caramelo_one/hook/cmake_prefix_path.dsv'
[3.154s] INFO:colcon.colcon_core.shell:Creating environment hook '/home/atwork/caramelo_atwork/src/install/caramelo_one/share/caramelo_one/hook/cmake_prefix_path.sh'
[3.155s] Level 1:colcon.colcon_core.environment:checking '/home/atwork/caramelo_atwork/src/install/caramelo_one/bin'
[3.155s] Level 1:colcon.colcon_core.environment:checking '/home/atwork/caramelo_atwork/src/install/caramelo_one/lib/pkgconfig/caramelo_one.pc'
[3.156s] Level 1:colcon.colcon_core.environment:checking '/home/atwork/caramelo_atwork/src/install/caramelo_one/lib/python3.10/site-packages'
[3.156s] Level 1:colcon.colcon_core.environment:checking '/home/atwork/caramelo_atwork/src/install/caramelo_one/bin'
[3.157s] INFO:colcon.colcon_core.shell:Creating package script '/home/atwork/caramelo_atwork/src/install/caramelo_one/share/caramelo_one/package.ps1'
[3.158s] INFO:colcon.colcon_core.shell:Creating package descriptor '/home/atwork/caramelo_atwork/src/install/caramelo_one/share/caramelo_one/package.dsv'
[3.159s] INFO:colcon.colcon_core.shell:Creating package script '/home/atwork/caramelo_atwork/src/install/caramelo_one/share/caramelo_one/package.sh'
[3.160s] INFO:colcon.colcon_core.shell:Creating package script '/home/atwork/caramelo_atwork/src/install/caramelo_one/share/caramelo_one/package.bash'
[3.160s] INFO:colcon.colcon_core.shell:Creating package script '/home/atwork/caramelo_atwork/src/install/caramelo_one/share/caramelo_one/package.zsh'
[3.161s] Level 1:colcon.colcon_core.environment:create_file_with_runtime_dependencies(/home/atwork/caramelo_atwork/src/install/caramelo_one/share/colcon-core/packages/caramelo_one)
[3.162s] DEBUG:colcon.colcon_parallel_executor.executor.parallel:closing loop
[3.163s] DEBUG:colcon.colcon_parallel_executor.executor.parallel:loop closed
[3.163s] DEBUG:colcon.colcon_parallel_executor.executor.parallel:run_until_complete finished with '0'
[3.163s] DEBUG:colcon.colcon_core.event_reactor:joining thread
[3.175s] INFO:colcon.colcon_core.plugin_system:Skipping extension 'colcon_notification.desktop_notification.terminal_notifier': Not used on non-Darwin systems
[3.175s] INFO:colcon.colcon_core.plugin_system:Skipping extension 'colcon_notification.desktop_notification.win32': Not used on non-Windows systems
[3.175s] INFO:colcon.colcon_notification.desktop_notification:Sending desktop notification using 'notify2'
[3.196s] DEBUG:colcon.colcon_core.event_reactor:joined thread
[3.197s] INFO:colcon.colcon_core.shell:Creating prefix script '/home/atwork/caramelo_atwork/src/install/local_setup.ps1'
[3.200s] INFO:colcon.colcon_core.shell:Creating prefix util module '/home/atwork/caramelo_atwork/src/install/_local_setup_util_ps1.py'
[3.203s] INFO:colcon.colcon_core.shell:Creating prefix chain script '/home/atwork/caramelo_atwork/src/install/setup.ps1'
[3.206s] INFO:colcon.colcon_core.shell:Creating prefix script '/home/atwork/caramelo_atwork/src/install/local_setup.sh'
[3.207s] INFO:colcon.colcon_core.shell:Creating prefix util module '/home/atwork/caramelo_atwork/src/install/_local_setup_util_sh.py'
[3.208s] INFO:colcon.colcon_core.shell:Creating prefix chain script '/home/atwork/caramelo_atwork/src/install/setup.sh'
[3.211s] INFO:colcon.colcon_core.shell:Creating prefix script '/home/atwork/caramelo_atwork/src/install/local_setup.bash'
[3.212s] INFO:colcon.colcon_core.shell:Creating prefix chain script '/home/atwork/caramelo_atwork/src/install/setup.bash'
[3.214s] INFO:colcon.colcon_core.shell:Creating prefix script '/home/atwork/caramelo_atwork/src/install/local_setup.zsh'
[3.214s] INFO:colcon.colcon_core.shell:Creating prefix chain script '/home/atwork/caramelo_atwork/src/install/setup.zsh'
